[12:56:41] [modloading-worker-0/INFO] ========================================
[12:56:41] [modloading-worker-0/INFO] Minecraft: 1.18.2
[12:56:41] [modloading-worker-0/INFO] Side: server
[12:56:41] [modloading-worker-0/INFO] Development: false
[12:56:41] [modloading-worker-0/INFO] Version: 8.4.723
[12:56:41] [modloading-worker-0/INFO] Loader:
[12:56:41] [modloading-worker-0/INFO] - Forge: 40.2.17
[12:56:41] [modloading-worker-0/INFO] Dependencies:
[12:56:41] [modloading-worker-0/INFO] - Cloth Config: 6.5.116
[12:56:41] [modloading-worker-0/INFO] - Architectury: 4.12.94
[12:56:41] [modloading-worker-0/INFO] Mixin: 0.8.5
[12:56:41] [modloading-worker-0/INFO] OS: Linux 6.5.0-1025-azure (amd64)
[12:56:41] [modloading-worker-0/INFO] Java: 21.0.4 (Microsoft)
[12:56:41] [modloading-worker-0/INFO] ========================================
[12:56:41] [modloading-worker-0/INFO] Mods:
[12:56:41] [modloading-worker-0/INFO] - adaptive_performance_tweaks_core: 10.2.0
[12:56:41] [modloading-worker-0/INFO] - adaptive_performance_tweaks_items: 10.0.0
[12:56:41] [modloading-worker-0/INFO] - advancementplaques: 1.4.5.1
[12:56:41] [modloading-worker-0/INFO] - ageingspawners: 1.2.4
[12:56:41] [modloading-worker-0/INFO] - aggrofix: 1.0.2
[12:56:41] [modloading-worker-0/INFO] - aiimprovements: 0.5.2
[12:56:41] [modloading-worker-0/INFO] - alexsdelight: 1.3.3
[12:56:41] [modloading-worker-0/INFO] - alexsmobs: 1.18.6
[12:56:41] [modloading-worker-0/INFO] - alternate_current: 0.0NONE
[12:56:41] [modloading-worker-0/INFO] - apexcore: 4.13.0
[12:56:41] [modloading-worker-0/INFO] - apotheosis: 5.8.1
[12:56:41] [modloading-worker-0/INFO] - aquamirae: 5.api10
[12:56:41] [modloading-worker-0/INFO] - architectury: 4.12.94
[12:56:41] [modloading-worker-0/INFO] - areas: 5.2
[12:56:41] [modloading-worker-0/INFO] - armorcurve: 3.0
[12:56:41] [modloading-worker-0/INFO] - armoreablemobs: 1.0.7
[12:56:41] [modloading-worker-0/INFO] - ash_of_sin_custom_anti_trap_cage_entity: 1.0.0
[12:56:41] [modloading-worker-0/INFO] - ash_of_sin_soul_like_boss_battle: 1.0.5
[12:56:41] [modloading-worker-0/INFO] - atlaslib: 1.1.7a
[12:56:41] [modloading-worker-0/INFO] - attributefix: 14.0.2
[12:56:41] [modloading-worker-0/INFO] - autoreglib: 1.7-53
[12:56:41] [modloading-worker-0/INFO] - awesomedungeonnether: 3.0.0
[12:56:41] [modloading-worker-0/INFO] - ba_bt: 1.18.2-2.3.12
[12:56:41] [modloading-worker-0/INFO] - badmobs: 13.01
[12:56:41] [modloading-worker-0/INFO] - balm: 3.2.6
[12:56:41] [modloading-worker-0/INFO] - bcc: 1.1.21-build.48+mc1.18.2
[12:56:41] [modloading-worker-0/INFO] - betterdeserttemples: 1.18.2-Forge-1.3.1
[12:56:41] [modloading-worker-0/INFO] - betterdungeons: 1.18.2-Forge-2.1.0
[12:56:41] [modloading-worker-0/INFO] - betterendisland: 1.18.2-Forge-1.0
[12:56:41] [modloading-worker-0/INFO] - betterfortresses: 1.18.2-Forge-1.0.0
[12:56:41] [modloading-worker-0/INFO] - betterfpsdist: 1.18.2-1.5
[12:56:41] [modloading-worker-0/INFO] - bettergolem: 1.18.2-1.1.0
[12:56:41] [modloading-worker-0/INFO] - bettermineshafts: 1.18.2-Forge-2.2
[12:56:41] [modloading-worker-0/INFO] - betteroceanmonuments: 1.18.2-Forge-1.0.3
[12:56:41] [modloading-worker-0/INFO] - betterstats: 2.2.2+1.18.2
[12:56:41] [modloading-worker-0/INFO] - betterstrongholds: 1.18.2-Forge-2.1.1
[12:56:41] [modloading-worker-0/INFO] - bettervillage: 2.0.0
[12:56:41] [modloading-worker-0/INFO] - betterwitchhuts: 1.18.2-Forge-1.0.1
[12:56:41] [modloading-worker-0/INFO] - biomemakeover: 1.18.2-1.4.32
[12:56:41] [modloading-worker-0/INFO] - bloodandmadness: 2.0
[12:56:41] [modloading-worker-0/INFO] - blue_skies: 1.3.12
[12:56:41] [modloading-worker-0/INFO] - blueprint: 5.5.0
[12:56:41] [modloading-worker-0/INFO] - bookshelf: 13.3.56
[12:56:41] [modloading-worker-0/INFO] - bosses_of_mass_destruction: 1.0.6
[12:56:41] [modloading-worker-0/INFO] - braincell: 1.18
[12:56:41] [modloading-worker-0/INFO] - brutalbosses: 1.18.2-5.8
[12:56:41] [modloading-worker-0/INFO] - bygonenether: 1.3.2
[12:56:41] [modloading-worker-0/INFO] - caelus: 1.18.1-3.0.0.2
[12:56:41] [modloading-worker-0/INFO] - callablehorses: 1.2.2.5
[12:56:41] [modloading-worker-0/INFO] - cataclysm: 1.0
[12:56:41] [modloading-worker-0/INFO] - cc: 1.0.17
[12:56:41] [modloading-worker-0/INFO] - champions: 1.18.2-2.1.6.3
[12:56:41] [modloading-worker-0/INFO] - chunky: 1.2.164
[12:56:41] [modloading-worker-0/INFO] - citadel: 1.11.3
[12:56:41] [modloading-worker-0/INFO] - cloth_config: 6.5.116
[12:56:41] [modloading-worker-0/INFO] - cloudstorage: 1.1.0
[12:56:41] [modloading-worker-0/INFO] - collective: 7.7
[12:56:41] [modloading-worker-0/INFO] - comforts: 1.18.2-5.0.0.6
[12:56:41] [modloading-worker-0/INFO] - commonality: 1.4.0
[12:56:41] [modloading-worker-0/INFO] - conjurer_illager: 1.1.1
[12:56:41] [modloading-worker-0/INFO] - corpse: 1.18.2-1.0.1
[12:56:41] [modloading-worker-0/INFO] - crafttweaker: 9.1.211
[12:56:41] [modloading-worker-0/INFO] - create: 0.5.1.f
[12:56:41] [modloading-worker-0/INFO] - creativecore: 0.0NONE
[12:56:41] [modloading-worker-0/INFO] - creeperoverhaul: 1.3.1
[12:56:41] [modloading-worker-0/INFO] - cristellib: 1.0.0
[12:56:41] [modloading-worker-0/INFO] - curios: 1.18.2-5.0.9.2
[12:56:41] [modloading-worker-0/INFO] - dannys_expansion: 1.2.6
[12:56:41] [modloading-worker-0/INFO] - darkersouls: 1.0
[12:56:41] [modloading-worker-0/INFO] - dawncraft: 1.18.2-1.2.15d
[12:56:41] [modloading-worker-0/INFO] - dawncraft_fixes: 0.32.1
[12:56:41] [modloading-worker-0/INFO] - dcclasses: 1.1.4b
[12:56:41] [modloading-worker-0/INFO] - deleteitem: 2.0.3.1
[12:56:41] [modloading-worker-0/INFO] - difficultraids: 1.7.6-release
[12:56:41] [modloading-worker-0/INFO] - doespotatotick: 1.18.2-4.0.2
[12:56:41] [modloading-worker-0/INFO] - dogslie: 1.1.1
[12:56:41] [modloading-worker-0/INFO] - dragonmounts: 1.1.4
[12:56:41] [modloading-worker-0/INFO] - dummmmmmy: 1.18-1.5.2
[12:56:41] [modloading-worker-0/INFO] - dungeoncrawl: 2.3.14
[12:56:41] [modloading-worker-0/INFO] - dungeons_arise: 2.1.52-1.18.2
[12:56:41] [modloading-worker-0/INFO] - dynamiclightsreforged: 1.18.2_v1.3.3
[12:56:41] [modloading-worker-0/INFO] - easymagic: 3.3.0
[12:56:41] [modloading-worker-0/INFO] - ecologics: 1.7.11
[12:56:41] [modloading-worker-0/INFO] - ef_weapon_extended: 1.0.0
[12:56:41] [modloading-worker-0/INFO] - efdg: 18.1.11
[12:56:41] [modloading-worker-0/INFO] - efmpirates: 18.1.6
[12:56:41] [modloading-worker-0/INFO] - enchantlimiter: 2.0
[12:56:41] [modloading-worker-0/INFO] - endrem: 5.2.0-R-1.18.2
[12:56:41] [modloading-worker-0/INFO] - enlightened_end: 4.0.0.1
[12:56:41] [modloading-worker-0/INFO] - epicfight: 18.5.24
[12:56:41] [modloading-worker-0/INFO] - falchionmoveset: 18.0.2
[12:56:41] [modloading-worker-0/INFO] - fantasyfurniture: 3.14.0
[12:56:41] [modloading-worker-0/INFO] - farmersdelight: 1.18.2-1.2.3
[12:56:41] [modloading-worker-0/INFO] - farsight_view: 1.18.2-1.9
[12:56:41] [modloading-worker-0/INFO] - farsightedmobs: 1.1
[12:56:41] [modloading-worker-0/INFO] - fastbench: 6.1.1
[12:56:41] [modloading-worker-0/INFO] - fastfurnace: 6.0.3
[12:56:41] [modloading-worker-0/INFO] - fastload: 3.4.0
[12:56:41] [modloading-worker-0/INFO] - fastsuite: 3.0.2
[12:56:41] [modloading-worker-0/INFO] - feature_nbt_deadlock_be_gone: 2.0.0+1.18.2
[12:56:41] [modloading-worker-0/INFO] - ferritecore: 4.2.2
[12:56:41] [modloading-worker-0/INFO] - fixmyspawnr: 1.0.0
[12:56:41] [modloading-worker-0/INFO] - flywheel: 0.6.10-105
[12:56:41] [modloading-worker-0/INFO] - followme: 1.1.8a
[12:56:41] [modloading-worker-0/INFO] - forge: 40.2.17
[12:56:41] [modloading-worker-0/INFO] - friendsandfoes: 1.4.8
[12:56:41] [modloading-worker-0/INFO] - ftbessentials: 1802.1.7-build.42
[12:56:41] [modloading-worker-0/INFO] - ftblibrary: 1802.3.11-build.177
[12:56:41] [modloading-worker-0/INFO] - ftbquests: 1802.3.15-build.298
[12:56:41] [modloading-worker-0/INFO] - ftbranks: 1802.1.11-build.71
[12:56:41] [modloading-worker-0/INFO] - ftbteams: 1802.2.11-build.107
[12:56:41] [modloading-worker-0/INFO] - fullstackwatchdog: 1.0.1+1.19.2-forge
[12:56:41] [modloading-worker-0/INFO] - gamestages: 8.1.3
[12:56:41] [modloading-worker-0/INFO] - geckolib3: 3.0.57
[12:56:41] [modloading-worker-0/INFO] - getittogetherdrops: 1.3
[12:56:41] [modloading-worker-0/INFO] - globaldataandresourcepacks: 1.12.4_forge
[12:56:41] [modloading-worker-0/INFO] - goblinsanddungeons: 1.0.8
[12:56:41] [modloading-worker-0/INFO] - goblintraders: 1.8.0
[12:56:41] [modloading-worker-0/INFO] - guardvillagers: 1.4.4
[12:56:41] [modloading-worker-0/INFO] - habitat: 1.1.5
[12:56:41] [modloading-worker-0/INFO] - hardermonsterboats: 39.1.1.0
[12:56:41] [modloading-worker-0/INFO] - hexerei: 0.2.2
[12:56:41] [modloading-worker-0/INFO] - highlighter: 1.1.2
[12:56:41] [modloading-worker-0/INFO] - humancompanions: 1.18.2-1.7.3
[12:56:41] [modloading-worker-0/INFO] - hunterillager: 1.18.2-4.0.1
[12:56:41] [modloading-worker-0/INFO] - iceberg: 1.0.49
[12:56:41] [modloading-worker-0/INFO] - idas: 1.6.7+1.18.2
[12:56:41] [modloading-worker-0/INFO] - illageandspillage: 1.1.3
[12:56:41] [modloading-worker-0/INFO] - immersive_weathering: 1.18.2-1.18.2-3.0.3
[12:56:41] [modloading-worker-0/INFO] - impactful: 18.5.6
[12:56:41] [modloading-worker-0/INFO] - improvedmobs: 1.18.2-1.12.1
[12:56:41] [modloading-worker-0/INFO] - incendium: 5.0.8
[12:56:41] [modloading-worker-0/INFO] - incontrol: 1.18-6.1.12
[12:56:41] [modloading-worker-0/INFO] - indestructible: 18.5.10
[12:56:41] [modloading-worker-0/INFO] - infernal: 18.1.9
[12:56:41] [modloading-worker-0/INFO] - infernalexp: 2.5.0
[12:56:41] [modloading-worker-0/INFO] - insanelib: 1.5.3
[12:56:41] [modloading-worker-0/INFO] - integrated_api: 1.2.8+1.18.2
[12:56:41] [modloading-worker-0/INFO] - integrated_stronghold: 1.0.2+1.18.2
[12:56:41] [modloading-worker-0/INFO] - irons_spellbooks: 1.18.2-1.1.4.5
[12:56:41] [modloading-worker-0/INFO] - itemfilters: 1802.2.8-build.50
[12:56:41] [modloading-worker-0/INFO] - itemphysic: 1.6.0
[12:56:41] [modloading-worker-0/INFO] - jade: 5.3.2
[12:56:41] [modloading-worker-0/INFO] - jei: 9.9999
[12:56:41] [modloading-worker-0/INFO] - jeitweaker: 3.0.0.9
[12:56:41] [modloading-worker-0/INFO] - jet_and_elias_armors: 1.0.0
[12:56:41] [modloading-worker-0/INFO] - journeymap: 5.9.8
[12:56:41] [modloading-worker-0/INFO] - jumpboat: 1.18.2-0.1.0.3
[12:56:41] [modloading-worker-0/INFO] - kobolds: 2.9.3
[12:56:41] [modloading-worker-0/INFO] - konkrete: 1.8.0
[12:56:41] [modloading-worker-0/INFO] - krypton: 0.1.10-SNAPSHOT
[12:56:41] [modloading-worker-0/INFO] - libertyvillagers: 2.0.0+forge+1.18.2
[12:56:41] [modloading-worker-0/INFO] - libraryferret: 3.0.0
[12:56:41] [modloading-worker-0/INFO] - libx: 1.18.2-3.2.19
[12:56:41] [modloading-worker-0/INFO] - lilwings: 1.2.4
[12:56:41] [modloading-worker-0/INFO] - limitedchunks: 1.8
[12:56:41] [modloading-worker-0/INFO] - logbegone: 1.0.4
[12:56:41] [modloading-worker-0/INFO] - logprot: 1.4
[12:56:41] [modloading-worker-0/INFO] - lootr: 0.3.26.68
[12:56:41] [modloading-worker-0/INFO] - magistuarmory: 8.2
[12:56:41] [modloading-worker-0/INFO] - majruszsdifficulty: 1.8.1
[12:56:41] [modloading-worker-0/INFO] - maxhealthfix: 5.0.4
[12:56:41] [modloading-worker-0/INFO] - medievalmusic: 1.18.2-1.4
[12:56:41] [modloading-worker-0/INFO] - meetyourfight: 1.18.2-1.2.5
[12:56:41] [modloading-worker-0/INFO] - melody: 1.0.1
[12:56:41] [modloading-worker-0/INFO] - mimic: 1.1.32
[12:56:41] [modloading-worker-0/INFO] - minecraft: 1.18.2
[12:56:41] [modloading-worker-0/INFO] - mixinextras: 0.3.5
[12:56:41] [modloading-worker-0/INFO] - mixininheaven: 0.0NONE
[12:56:41] [modloading-worker-0/INFO] - mixinsquared: 0.1.2-beta.5
[12:56:41] [modloading-worker-0/INFO] - mlib: 5.1.2
[12:56:41] [modloading-worker-0/INFO] - mobhealthbar: 2.2.0
[12:56:41] [modloading-worker-0/INFO] - modernfix: 5.17.0+mc1.18.2
[12:56:41] [modloading-worker-0/INFO] - monsterplus: 1.0
[12:56:41] [modloading-worker-0/INFO] - morevillagers: 3.2.0
[12:56:41] [modloading-worker-0/INFO] - mowziesmobs: 1.6.3
[12:56:41] [modloading-worker-0/INFO] - mutantmonsters: 3.0.1
[12:56:41] [modloading-worker-0/INFO] - mvs: 3.0.8-1.18.2
[12:56:41] [modloading-worker-0/INFO] - netherportalfix: 9.0.1
[12:56:41] [modloading-worker-0/INFO] - nethersdelight: 2.2
[12:56:41] [modloading-worker-0/INFO] - netherskeletons: 4.8
[12:56:41] [modloading-worker-0/INFO] - nightconfigfixes: 3.0.2
[12:56:41] [modloading-worker-0/INFO] - nourished_nether: 1.1.5
[12:56:41] [modloading-worker-0/INFO] - nyfsquiver: 1.18.1-0.7.0
[12:56:41] [modloading-worker-0/INFO] - ob_core: 3.2.0
[12:56:41] [modloading-worker-0/INFO] - ob_tooltips: 1.4.1
[12:56:41] [modloading-worker-0/INFO] - obscure_api: 10
[12:56:41] [modloading-worker-0/INFO] - orcz: 0.74
[12:56:41] [modloading-worker-0/INFO] - paraglider: 1.7.5
[12:56:41] [modloading-worker-0/INFO] - paraglidersstaminacompats: 0.1.3
[12:56:41] [modloading-worker-0/INFO] - passablefoliage: 4.2.1
[12:56:41] [modloading-worker-0/INFO] - patchouli: 1.18.2-71.1
[12:56:41] [modloading-worker-0/INFO] - piglinproliferation: 1.0.0
[12:56:41] [modloading-worker-0/INFO] - pineapple_delight: 0.0NONE
[12:56:41] [modloading-worker-0/INFO] - placebo: 6.6.7
[12:56:41] [modloading-worker-0/INFO] - playeranimator: 1.0.2+1.18
[12:56:41] [modloading-worker-0/INFO] - plushies: 1.2
[12:56:41] [modloading-worker-0/INFO] - pmmo: 1.18.2-3.69.11
[12:56:41] [modloading-worker-0/INFO] - polylib: 1801.0.2-build.13
[12:56:41] [modloading-worker-0/INFO] - polymorph: 1.18.2-0.50
[12:56:41] [modloading-worker-0/INFO] - presencenotrequired: 1.3.0
[12:56:41] [modloading-worker-0/INFO] - prism: 1.0.1
[12:56:41] [modloading-worker-0/INFO] - progressivebosses: 3.6.8
[12:56:41] [modloading-worker-0/INFO] - puzzleslib: 3.5.8
[12:56:41] [modloading-worker-0/INFO] - quark: 3.2-358
[12:56:41] [modloading-worker-0/INFO] - quest_giver: 1.18.2-1.2.9
[12:56:41] [modloading-worker-0/INFO] - radium: 0.7.10
[12:56:41] [modloading-worker-0/INFO] - recipestages: 3.0.0.10
[12:56:41] [modloading-worker-0/INFO] - redirector: 1.18.2-2.4.0
[12:56:41] [modloading-worker-0/INFO] - rei_plugin_compatibilities: 8.0.89
[12:56:41] [modloading-worker-0/INFO] - reputation: 0.9.9
[12:56:41] [modloading-worker-0/INFO] - restored_earth: 1.4.2
[12:56:41] [modloading-worker-0/INFO] - revamped_phantoms: 0.2.3
[12:56:41] [modloading-worker-0/INFO] - roughlyenoughitems: 8.4.723
[12:56:41] [modloading-worker-0/INFO] - saturn: 0.1.5
[12:56:41] [modloading-worker-0/INFO] - savage_and_ravage: 4.0.1
[12:56:41] [modloading-worker-0/INFO] - scattered_weapons: 1.0.0
[12:56:41] [modloading-worker-0/INFO] - secondchanceforge: 1.5.0
[12:56:41] [modloading-worker-0/INFO] - selene: 1.18.2-1.17.14
[12:56:41] [modloading-worker-0/INFO] - sereneseasons: 1.18.2-7.0.0.13
[12:56:41] [modloading-worker-0/INFO] - shrines: 1.18.2-4.1.0
[12:56:41] [modloading-worker-0/INFO] - simple_mobs: 1.3.5
[12:56:41] [modloading-worker-0/INFO] - simplebackups: 1.18.2-1.1.14
[12:56:41] [modloading-worker-0/INFO] - smoothchunk: 1.18.2-1.9
[12:56:41] [modloading-worker-0/INFO] - solapplepie: 1.18.2-1.0.4
[12:56:41] [modloading-worker-0/INFO] - sophisticatedbackpacks: 1.18.2-3.20.2.1036
[12:56:41] [modloading-worker-0/INFO] - sophisticatedcore: 1.18.2-0.6.4.586
[12:56:41] [modloading-worker-0/INFO] - sound_physics_remastered: 1.18.2-1.0.6
[12:56:41] [modloading-worker-0/INFO] - spark: 1.10.38
[12:56:41] [modloading-worker-0/INFO] - spyglass_improvements: 1.5+mc1.18.2+forge
[12:56:41] [modloading-worker-0/INFO] - stackablepotions: 1.0.0
[12:56:41] [modloading-worker-0/INFO] - starlight: 1.0.2+forge.83663de
[12:56:41] [modloading-worker-0/INFO] - storagedrawers: 10.2.1
[12:56:41] [modloading-worker-0/INFO] - structory: 0.0NONE
[12:56:41] [modloading-worker-0/INFO] - structure_gel: 2.4.7
[12:56:41] [modloading-worker-0/INFO] - supermartijn642configlib: 1.1.8
[12:56:41] [modloading-worker-0/INFO] - supermartijn642corelib: 1.1.17
[12:56:41] [modloading-worker-0/INFO] - supplementaries: 1.18.2-1.5.18
[12:56:41] [modloading-worker-0/INFO] - sword_soaring: 1.11.7for_modpack
[12:56:41] [modloading-worker-0/INFO] - tcdcommons: 2.2+1.18.2
[12:56:41] [modloading-worker-0/INFO] - tenshilib: 1.18.2-1.7.4
[12:56:41] [modloading-worker-0/INFO] - terrablender: 1.2.0.126
[12:56:41] [modloading-worker-0/INFO] - terralith: 2.2.6
[12:56:41] [modloading-worker-0/INFO] - timeout_fixes: 1.18.1-1.0.0
[12:56:41] [modloading-worker-0/INFO] - tinyskeletons: 3.3.1
[12:56:41] [modloading-worker-0/INFO] - tlc: 1.0.1
[12:56:41] [modloading-worker-0/INFO] - toofast: 0.0.1.2
[12:56:41] [modloading-worker-0/INFO] - treechop: 0.17.7
[12:56:41] [modloading-worker-0/INFO] - tumbleweed: 1.18-0.5.4
[12:56:41] [modloading-worker-0/INFO] - undead_revamp2: 1.0.1
[12:56:41] [modloading-worker-0/INFO] - untamedwilds: 2.4.3
[12:56:41] [modloading-worker-0/INFO] - villagercomfort: 1.18.2-1.0.0
[12:56:41] [modloading-worker-0/INFO] - villagernames: 7.0
[12:56:41] [modloading-worker-0/INFO] - waila: 5.3.2
[12:56:41] [modloading-worker-0/INFO] - waystones: 10.2.2
[12:56:41] [modloading-worker-0/INFO] - wildbackport: 1.2.3
[12:56:41] [modloading-worker-0/INFO] - wom: 18.1.7.38
[12:56:41] [modloading-worker-0/INFO] - yungsapi: 1.18.2-Forge-2.2.9
[12:56:41] [modloading-worker-0/INFO] - yungsbridges: 1.18.2-Forge-2.1.0
[12:56:41] [modloading-worker-0/INFO] - yungsextras: 1.18.2-Forge-2.1.0
[12:56:41] [modloading-worker-0/INFO] - zensummoning: 1.3.8
[12:56:41] [modloading-worker-0/INFO] ========================================
[12:56:41] [modloading-worker-0/INFO] [REI] Registered plugin provider DefaultPluginImpl [roughlyenoughitems] for REIServerPlugin
[12:56:41] [modloading-worker-0/INFO] [REI] Registered plugin provider DefaultPluginImpl [roughlyenoughitems] for REIPlugin
[12:56:41] [modloading-worker-0/INFO] [REI] Registered plugin provider DefaultRuntimePlugin [roughlyenoughitems] for REIServerPlugin
[12:56:41] [modloading-worker-0/INFO] [REI] Registered plugin provider DefaultRuntimePlugin [roughlyenoughitems] for REIPlugin
[12:57:19] [Worker-Main-2/DEBUG] [REI] Processed 0 tags in 208.5 μs for minecraft:worldgen/biome
[12:57:19] [Worker-Main-2/DEBUG] [REI] Processed 0 tags in 15.74 μs for minecraft:dimension_type
[12:57:19] [Worker-Main-2/DEBUG] [REI] Processed 0 tags in 49.96 μs for minecraft:worldgen/configured_structure_feature
[12:57:19] [Worker-Main-2/DEBUG] [REI] Processed 0 tags in 8.395 μs for shrines:random_variation/material
[12:57:19] [Worker-Main-2/DEBUG] [REI] Processed 5 tags in 1.045 ms for minecraft:game_event
[12:57:19] [Worker-Main-2/DEBUG] [REI] Processed 13 tags in 81.38 μs for minecraft:fluid
[12:57:19] [Worker-Main-2/DEBUG] [REI] Processed 739 tags in 13.84 ms for minecraft:block
[12:57:19] [Worker-Main-2/DEBUG] [REI] Processed 108 tags in 511.9 μs for minecraft:entity_type
[12:57:20] [Worker-Main-2/DEBUG] [REI] Processed 852 tags in 4.273 ms for minecraft:item
[12:57:20] [Worker-Main-2/DEBUG] [REI] Processed 1 tags in 27.56 μs for minecraft:recipe_serializer
[12:57:20] [Worker-Main-2/DEBUG] [REI] Processed 1 tags in 50.04 μs for minecraft:worldgen/structure_feature
[12:57:37] [Worker-Main-2/DEBUG] [REI] ========================================
[12:57:37] [Worker-Main-2/DEBUG] [REI] REIPlugin starting pre-reload for START.
[12:57:37] [Worker-Main-2/DEBUG] [REI] Reloadables (7):
[12:57:37] [Worker-Main-2/DEBUG] [REI]  - EntryTypeRegistryImpl
[12:57:37] [Worker-Main-2/DEBUG] [REI]  - EntrySettingsAdapterRegistryImpl
[12:57:37] [Worker-Main-2/DEBUG] [REI]  - RecipeManagerContextImpl
[12:57:37] [Worker-Main-2/DEBUG] [REI]  - ItemComparatorRegistryImpl
[12:57:37] [Worker-Main-2/DEBUG] [REI]  - FluidComparatorRegistryImpl
[12:57:37] [Worker-Main-2/DEBUG] [REI]  - DisplaySerializerRegistryImpl
[12:57:37] [Worker-Main-2/DEBUG] [REI]  - FluidSupportProviderImpl
[12:57:37] [Worker-Main-2/DEBUG] [REI] Plugins (2):
[12:57:37] [Worker-Main-2/DEBUG] [REI]  - (-100.00) DefaultPluginImpl of DefaultPluginImpl [roughlyenoughitems]
[12:57:37] [Worker-Main-2/DEBUG] [REI]  - (0.00) DefaultRuntimePlugin of DefaultRuntimePlugin [roughlyenoughitems]
[12:57:37] [Worker-Main-2/DEBUG] [REI] ========================================
[12:57:37] [Worker-Main-2/TRACE] [REI] [REIPlugin START] Reloading Section: "pre-register/"
[12:57:37] [Worker-Main-2/TRACE] [REI] [REIPlugin START] Reloading Section: "pre-register/DefaultPluginImpl of DefaultPluginImpl [roughlyenoughitems]/"
[12:57:37] [Worker-Main-2/TRACE] [REI] [REIPlugin START] Reloading Section: "pre-register/DefaultPluginImpl of DefaultPluginImpl [roughlyenoughitems]/" done in 709.3 μs
[12:57:37] [Worker-Main-2/TRACE] [REI] [REIPlugin START] Reloading Section: "pre-register/DefaultRuntimePlugin of DefaultRuntimePlugin [roughlyenoughitems]/"
[12:57:37] [Worker-Main-2/TRACE] [REI] [REIPlugin START] Reloading Section: "pre-register/DefaultRuntimePlugin of DefaultRuntimePlugin [roughlyenoughitems]/" done in 10.19 μs
[12:57:37] [Worker-Main-2/TRACE] [REI] [REIPlugin START] Reloading Section: "pre-register/" done in 23.57 ms
[12:57:37] [Worker-Main-2/TRACE] [REI] [REIPlugin START] Reloading Section: "pre-stage/"
[12:57:37] [Worker-Main-2/TRACE] [REI] [REIPlugin START] Reloading Section: "pre-stage/EntryTypeRegistryImpl/"
[12:57:37] [Worker-Main-2/TRACE] [REI] [REIPlugin START] Reloading Section: "pre-stage/EntryTypeRegistryImpl/" done in 147.3 μs
[12:57:37] [Worker-Main-2/TRACE] [REI] [REIPlugin START] Reloading Section: "pre-stage/EntrySettingsAdapterRegistryImpl/"
[12:57:37] [Worker-Main-2/TRACE] [REI] [REIPlugin START] Reloading Section: "pre-stage/EntrySettingsAdapterRegistryImpl/" done in 6.592 μs
[12:57:37] [Worker-Main-2/TRACE] [REI] [REIPlugin START] Reloading Section: "pre-stage/RecipeManagerContextImpl/"
[12:57:37] [Worker-Main-2/TRACE] [REI] [REIPlugin START] Reloading Section: "pre-stage/RecipeManagerContextImpl/" done in 5.761 μs
[12:57:37] [Worker-Main-2/TRACE] [REI] [REIPlugin START] Reloading Section: "pre-stage/ItemComparatorRegistryImpl/"
[12:57:37] [Worker-Main-2/TRACE] [REI] [REIPlugin START] Reloading Section: "pre-stage/ItemComparatorRegistryImpl/" done in 6.262 μs
[12:57:37] [Worker-Main-2/TRACE] [REI] [REIPlugin START] Reloading Section: "pre-stage/FluidComparatorRegistryImpl/"
[12:57:37] [Worker-Main-2/TRACE] [REI] [REIPlugin START] Reloading Section: "pre-stage/FluidComparatorRegistryImpl/" done in 5.961 μs
[12:57:37] [Worker-Main-2/TRACE] [REI] [REIPlugin START] Reloading Section: "pre-stage/DisplaySerializerRegistryImpl/"
[12:57:37] [Worker-Main-2/TRACE] [REI] [REIPlugin START] Reloading Section: "pre-stage/DisplaySerializerRegistryImpl/" done in 7.073 μs
[12:57:37] [Worker-Main-2/TRACE] [REI] [REIPlugin START] Reloading Section: "pre-stage/FluidSupportProviderImpl/"
[12:57:37] [Worker-Main-2/TRACE] [REI] [REIPlugin START] Reloading Section: "pre-stage/FluidSupportProviderImpl/" done in 5.620 μs
[12:57:37] [Worker-Main-2/TRACE] [REI] [REIPlugin START] Reloading Section: "pre-stage/" done in 1.287 ms
[12:57:37] [Worker-Main-2/DEBUG] [REI] ========================================
[12:57:37] [Worker-Main-2/DEBUG] [REI] REIPlugin finished pre-reload for START in 34.72 ms.
[12:57:37] [Worker-Main-2/DEBUG] [REI] ========================================
[12:57:37] [Worker-Main-2/DEBUG] [REI] ========================================
[12:57:37] [Worker-Main-2/DEBUG] [REI] REIServerPlugin starting pre-reload for START.
[12:57:37] [Worker-Main-2/DEBUG] [REI] Reloadables (2):
[12:57:37] [Worker-Main-2/DEBUG] [REI]  - MenuInfoRegistryImpl
[12:57:37] [Worker-Main-2/DEBUG] [REI]  - SlotAccessorRegistryImpl
[12:57:37] [Worker-Main-2/DEBUG] [REI] Plugins (2):
[12:57:37] [Worker-Main-2/DEBUG] [REI]  - (-100.00) DefaultPluginImpl of DefaultPluginImpl [roughlyenoughitems]
[12:57:37] [Worker-Main-2/DEBUG] [REI]  - (0.00) DefaultRuntimePlugin of DefaultRuntimePlugin [roughlyenoughitems]
[12:57:37] [Worker-Main-2/DEBUG] [REI] ========================================
[12:57:37] [Worker-Main-2/TRACE] [REI] [REIServerPlugin START] Reloading Section: "pre-register/"
[12:57:37] [Worker-Main-2/TRACE] [REI] [REIServerPlugin START] Reloading Section: "pre-register/DefaultPluginImpl of DefaultPluginImpl [roughlyenoughitems]/"
[12:57:37] [Worker-Main-2/TRACE] [REI] [REIServerPlugin START] Reloading Section: "pre-register/DefaultPluginImpl of DefaultPluginImpl [roughlyenoughitems]/" done in 12.79 μs
[12:57:37] [Worker-Main-2/TRACE] [REI] [REIServerPlugin START] Reloading Section: "pre-register/DefaultRuntimePlugin of DefaultRuntimePlugin [roughlyenoughitems]/"
[12:57:37] [Worker-Main-2/TRACE] [REI] [REIServerPlugin START] Reloading Section: "pre-register/DefaultRuntimePlugin of DefaultRuntimePlugin [roughlyenoughitems]/" done in 7.654 μs
[12:57:37] [Worker-Main-2/TRACE] [REI] [REIServerPlugin START] Reloading Section: "pre-register/" done in 308.3 μs
[12:57:37] [Worker-Main-2/TRACE] [REI] [REIServerPlugin START] Reloading Section: "pre-stage/"
[12:57:37] [Worker-Main-2/TRACE] [REI] [REIServerPlugin START] Reloading Section: "pre-stage/MenuInfoRegistryImpl/"
[12:57:37] [Worker-Main-2/TRACE] [REI] [REIServerPlugin START] Reloading Section: "pre-stage/MenuInfoRegistryImpl/" done in 6.022 μs
[12:57:37] [Worker-Main-2/TRACE] [REI] [REIServerPlugin START] Reloading Section: "pre-stage/SlotAccessorRegistryImpl/"
[12:57:37] [Worker-Main-2/TRACE] [REI] [REIServerPlugin START] Reloading Section: "pre-stage/SlotAccessorRegistryImpl/" done in 6.472 μs
[12:57:37] [Worker-Main-2/TRACE] [REI] [REIServerPlugin START] Reloading Section: "pre-stage/" done in 276.6 μs
[12:57:37] [Worker-Main-2/DEBUG] [REI] ========================================
[12:57:37] [Worker-Main-2/DEBUG] [REI] REIServerPlugin finished pre-reload for START in 815.4 μs.
[12:57:37] [Worker-Main-2/DEBUG] [REI] ========================================
[12:57:37] [Worker-Main-2/INFO] [REI] OOOOOOOOOOOOOOOOOOOOOOOOOOOOOOOOOOOOOOOO
[12:57:37] [Worker-Main-2/INFO] [REI] REIPlugin starting main-reload for START.
[12:57:37] [Worker-Main-2/DEBUG] [REI] Reloadables (7):
[12:57:37] [Worker-Main-2/DEBUG] [REI]  - EntryTypeRegistryImpl
[12:57:37] [Worker-Main-2/DEBUG] [REI]  - EntrySettingsAdapterRegistryImpl
[12:57:37] [Worker-Main-2/DEBUG] [REI]  - RecipeManagerContextImpl
[12:57:37] [Worker-Main-2/DEBUG] [REI]  - ItemComparatorRegistryImpl
[12:57:37] [Worker-Main-2/DEBUG] [REI]  - FluidComparatorRegistryImpl
[12:57:37] [Worker-Main-2/DEBUG] [REI]  - DisplaySerializerRegistryImpl
[12:57:37] [Worker-Main-2/DEBUG] [REI]  - FluidSupportProviderImpl
[12:57:37] [Worker-Main-2/INFO] [REI] Plugins (2):
[12:57:37] [Worker-Main-2/INFO] [REI]  - (-100.00) DefaultPluginImpl of DefaultPluginImpl [roughlyenoughitems]
[12:57:37] [Worker-Main-2/INFO] [REI]  - (0.00) DefaultRuntimePlugin of DefaultRuntimePlugin [roughlyenoughitems]
[12:57:37] [Worker-Main-2/INFO] [REI] OOOOOOOOOOOOOOOOOOOOOOOOOOOOOOOOOOOOOOOO
[12:57:37] [Worker-Main-2/TRACE] [REI] [REIPlugin START] Reloading Section: "start-reload/"
[12:57:37] [Worker-Main-2/TRACE] [REI] [REIPlugin START] Reloading Section: "start-reload/EntryTypeRegistryImpl/"
[12:57:37] [Worker-Main-2/TRACE] [REI] [REIPlugin START] Reloading Section: "start-reload/EntryTypeRegistryImpl/" done in 43.26 μs
[12:57:37] [Worker-Main-2/TRACE] [REI] [REIPlugin START] Reloading Section: "start-reload/EntrySettingsAdapterRegistryImpl/"
[12:57:37] [Worker-Main-2/TRACE] [REI] [REIPlugin START] Reloading Section: "start-reload/EntrySettingsAdapterRegistryImpl/" done in 15.23 μs
[12:57:37] [Worker-Main-2/TRACE] [REI] [REIPlugin START] Reloading Section: "start-reload/RecipeManagerContextImpl/"
[12:57:37] [Worker-Main-2/TRACE] [REI] [REIPlugin START] Reloading Section: "start-reload/RecipeManagerContextImpl/" done in 6.452 μs
[12:57:37] [Worker-Main-2/TRACE] [REI] [REIPlugin START] Reloading Section: "start-reload/ItemComparatorRegistryImpl/"
[12:57:37] [Worker-Main-2/TRACE] [REI] [REIPlugin START] Reloading Section: "start-reload/ItemComparatorRegistryImpl/" done in 25.60 μs
[12:57:37] [Worker-Main-2/TRACE] [REI] [REIPlugin START] Reloading Section: "start-reload/FluidComparatorRegistryImpl/"
[12:57:37] [Worker-Main-2/TRACE] [REI] [REIPlugin START] Reloading Section: "start-reload/FluidComparatorRegistryImpl/" done in 9.408 μs
[12:57:37] [Worker-Main-2/TRACE] [REI] [REIPlugin START] Reloading Section: "start-reload/DisplaySerializerRegistryImpl/"
[12:57:37] [Worker-Main-2/TRACE] [REI] [REIPlugin START] Reloading Section: "start-reload/DisplaySerializerRegistryImpl/" done in 7.724 μs
[12:57:37] [Worker-Main-2/TRACE] [REI] [REIPlugin START] Reloading Section: "start-reload/FluidSupportProviderImpl/"
[12:57:37] [Worker-Main-2/TRACE] [REI] [REIPlugin START] Reloading Section: "start-reload/FluidSupportProviderImpl/" done in 26.11 μs
[12:57:37] [Worker-Main-2/TRACE] [REI] [REIPlugin START] Reloading Section: "start-reload/" done in 1.217 ms
[12:57:37] [Worker-Main-2/DEBUG] [REI] ========================================
[12:57:37] [Worker-Main-2/DEBUG] [REI] REIPlugin started main-reload for START.
[12:57:37] [Worker-Main-2/DEBUG] [REI] ========================================
[12:57:37] [Worker-Main-2/TRACE] [REI] [REIPlugin START] Reloading Section: "reloadable-plugin/EntryTypeRegistryImpl/"
[12:57:37] [Worker-Main-2/TRACE] [REI] [REIPlugin START] Reloading Section: "reloadable-plugin/EntryTypeRegistryImpl/DefaultPluginImpl of DefaultPluginImpl [roughlyenoughitems]/"
[12:57:37] [Worker-Main-2/TRACE] [REI] [REIPlugin START] Reloading Section: "reloadable-plugin/EntryTypeRegistryImpl/DefaultPluginImpl of DefaultPluginImpl [roughlyenoughitems]/" done in 171.4 μs
[12:57:37] [Worker-Main-2/TRACE] [REI] [REIPlugin START] Reloading Section: "reloadable-plugin/EntryTypeRegistryImpl/DefaultRuntimePlugin of DefaultRuntimePlugin [roughlyenoughitems]/"
[12:57:37] [Worker-Main-2/TRACE] [REI] [REIPlugin START] Reloading Section: "reloadable-plugin/EntryTypeRegistryImpl/DefaultRuntimePlugin of DefaultRuntimePlugin [roughlyenoughitems]/" done in 8.401 ms
[12:57:38] [Worker-Main-2/TRACE] [REI] [REIPlugin START] Reloading Section: "reloadable-plugin/EntryTypeRegistryImpl/" done in 9.463 ms
[12:57:38] [Worker-Main-2/TRACE] [REI] [REIPlugin START] Reloading Section: "reloadable-plugin/EntrySettingsAdapterRegistryImpl/"
[12:57:38] [Worker-Main-2/TRACE] [REI] [REIPlugin START] Reloading Section: "reloadable-plugin/EntrySettingsAdapterRegistryImpl/DefaultPluginImpl of DefaultPluginImpl [roughlyenoughitems]/"
[12:57:38] [Worker-Main-2/TRACE] [REI] [REIPlugin START] Reloading Section: "reloadable-plugin/EntrySettingsAdapterRegistryImpl/DefaultPluginImpl of DefaultPluginImpl [roughlyenoughitems]/" done in 16.18 μs
[12:57:38] [Worker-Main-2/TRACE] [REI] [REIPlugin START] Reloading Section: "reloadable-plugin/EntrySettingsAdapterRegistryImpl/DefaultRuntimePlugin of DefaultRuntimePlugin [roughlyenoughitems]/"
[12:57:38] [Worker-Main-2/TRACE] [REI] [REIPlugin START] Reloading Section: "reloadable-plugin/EntrySettingsAdapterRegistryImpl/DefaultRuntimePlugin of DefaultRuntimePlugin [roughlyenoughitems]/" done in 11.18 μs
[12:57:38] [Worker-Main-2/TRACE] [REI] [REIPlugin START] Reloading Section: "reloadable-plugin/EntrySettingsAdapterRegistryImpl/" done in 359.6 μs
[12:57:38] [Worker-Main-2/TRACE] [REI] [REIPlugin START] Reloading Section: "reloadable-plugin/RecipeManagerContextImpl/"
[12:57:38] [Worker-Main-2/TRACE] [REI] [REIPlugin START] Reloading Section: "reloadable-plugin/RecipeManagerContextImpl/DefaultPluginImpl of DefaultPluginImpl [roughlyenoughitems]/"
[12:57:38] [Worker-Main-2/TRACE] [REI] [REIPlugin START] Reloading Section: "reloadable-plugin/RecipeManagerContextImpl/DefaultPluginImpl of DefaultPluginImpl [roughlyenoughitems]/" done in 12.31 μs
[12:57:38] [Worker-Main-2/TRACE] [REI] [REIPlugin START] Reloading Section: "reloadable-plugin/RecipeManagerContextImpl/DefaultRuntimePlugin of DefaultRuntimePlugin [roughlyenoughitems]/"
[12:57:38] [Worker-Main-2/TRACE] [REI] [REIPlugin START] Reloading Section: "reloadable-plugin/RecipeManagerContextImpl/DefaultRuntimePlugin of DefaultRuntimePlugin [roughlyenoughitems]/" done in 11.50 μs
[12:57:38] [Worker-Main-2/TRACE] [REI] [REIPlugin START] Reloading Section: "reloadable-plugin/RecipeManagerContextImpl/" done in 389.1 μs
[12:57:38] [Worker-Main-2/TRACE] [REI] [REIPlugin START] Reloading Section: "reloadable-plugin/ItemComparatorRegistryImpl/"
[12:57:38] [Worker-Main-2/TRACE] [REI] [REIPlugin START] Reloading Section: "reloadable-plugin/ItemComparatorRegistryImpl/DefaultPluginImpl of DefaultPluginImpl [roughlyenoughitems]/"
[12:57:38] [Worker-Main-2/TRACE] [REI] [REIPlugin START] Reloading Section: "reloadable-plugin/ItemComparatorRegistryImpl/DefaultPluginImpl of DefaultPluginImpl [roughlyenoughitems]/" done in 1.486 ms
[12:57:38] [Worker-Main-2/TRACE] [REI] [REIPlugin START] Reloading Section: "reloadable-plugin/ItemComparatorRegistryImpl/DefaultRuntimePlugin of DefaultRuntimePlugin [roughlyenoughitems]/"
[12:57:38] [Worker-Main-2/TRACE] [REI] [REIPlugin START] Reloading Section: "reloadable-plugin/ItemComparatorRegistryImpl/DefaultRuntimePlugin of DefaultRuntimePlugin [roughlyenoughitems]/" done in 33.21 μs
[12:57:38] [Worker-Main-2/TRACE] [REI] [REIPlugin START] Reloading Section: "reloadable-plugin/ItemComparatorRegistryImpl/" done in 2.016 ms
[12:57:38] [Worker-Main-2/TRACE] [REI] [REIPlugin START] Reloading Section: "reloadable-plugin/FluidComparatorRegistryImpl/"
[12:57:38] [Worker-Main-2/TRACE] [REI] [REIPlugin START] Reloading Section: "reloadable-plugin/FluidComparatorRegistryImpl/DefaultPluginImpl of DefaultPluginImpl [roughlyenoughitems]/"
[12:57:38] [Worker-Main-2/TRACE] [REI] [REIPlugin START] Reloading Section: "reloadable-plugin/FluidComparatorRegistryImpl/DefaultPluginImpl of DefaultPluginImpl [roughlyenoughitems]/" done in 19.19 μs
[12:57:38] [Worker-Main-2/TRACE] [REI] [REIPlugin START] Reloading Section: "reloadable-plugin/FluidComparatorRegistryImpl/DefaultRuntimePlugin of DefaultRuntimePlugin [roughlyenoughitems]/"
[12:57:38] [Worker-Main-2/TRACE] [REI] [REIPlugin START] Reloading Section: "reloadable-plugin/FluidComparatorRegistryImpl/DefaultRuntimePlugin of DefaultRuntimePlugin [roughlyenoughitems]/" done in 11.30 μs
[12:57:38] [Worker-Main-2/TRACE] [REI] [REIPlugin START] Reloading Section: "reloadable-plugin/FluidComparatorRegistryImpl/" done in 339.3 μs
[12:57:38] [Worker-Main-2/TRACE] [REI] [REIPlugin START] Reloading Section: "reloadable-plugin/DisplaySerializerRegistryImpl/"
[12:57:38] [Worker-Main-2/TRACE] [REI] [REIPlugin START] Reloading Section: "reloadable-plugin/DisplaySerializerRegistryImpl/DefaultPluginImpl of DefaultPluginImpl [roughlyenoughitems]/"
[12:57:38] [Worker-Main-2/TRACE] [REI] [REIPlugin START] Reloading Section: "reloadable-plugin/DisplaySerializerRegistryImpl/DefaultPluginImpl of DefaultPluginImpl [roughlyenoughitems]/" done in 10.89 μs
[12:57:38] [Worker-Main-2/TRACE] [REI] [REIPlugin START] Reloading Section: "reloadable-plugin/DisplaySerializerRegistryImpl/DefaultRuntimePlugin of DefaultRuntimePlugin [roughlyenoughitems]/"
[12:57:38] [Worker-Main-2/TRACE] [REI] [REIPlugin START] Reloading Section: "reloadable-plugin/DisplaySerializerRegistryImpl/DefaultRuntimePlugin of DefaultRuntimePlugin [roughlyenoughitems]/" done in 10.32 μs
[12:57:38] [Worker-Main-2/TRACE] [REI] [REIPlugin START] Reloading Section: "reloadable-plugin/DisplaySerializerRegistryImpl/" done in 288.7 μs
[12:57:38] [Worker-Main-2/TRACE] [REI] [REIPlugin START] Reloading Section: "reloadable-plugin/FluidSupportProviderImpl/"
[12:57:38] [Worker-Main-2/TRACE] [REI] [REIPlugin START] Reloading Section: "reloadable-plugin/FluidSupportProviderImpl/DefaultPluginImpl of DefaultPluginImpl [roughlyenoughitems]/"
[12:57:38] [Worker-Main-2/TRACE] [REI] [REIPlugin START] Reloading Section: "reloadable-plugin/FluidSupportProviderImpl/DefaultPluginImpl of DefaultPluginImpl [roughlyenoughitems]/" done in 489.3 μs
[12:57:38] [Worker-Main-2/TRACE] [REI] [REIPlugin START] Reloading Section: "reloadable-plugin/FluidSupportProviderImpl/DefaultRuntimePlugin of DefaultRuntimePlugin [roughlyenoughitems]/"
[12:57:38] [Worker-Main-2/TRACE] [REI] [REIPlugin START] Reloading Section: "reloadable-plugin/FluidSupportProviderImpl/DefaultRuntimePlugin of DefaultRuntimePlugin [roughlyenoughitems]/" done in 12.97 μs
[12:57:38] [Worker-Main-2/TRACE] [REI] [REIPlugin START] Reloading Section: "reloadable-plugin/FluidSupportProviderImpl/" done in 804.0 μs
[12:57:38] [Worker-Main-2/DEBUG] [REI] ========================================
[12:57:38] [Worker-Main-2/DEBUG] [REI] REIPlugin ending main-reload for START.
[12:57:38] [Worker-Main-2/DEBUG] [REI] ========================================
[12:57:38] [Worker-Main-2/TRACE] [REI] [REIPlugin START] Reloading Section: "end-reload/"
[12:57:38] [Worker-Main-2/TRACE] [REI] [REIPlugin START] Reloading Section: "end-reload/EntryTypeRegistryImpl/"
[12:57:38] [Worker-Main-2/TRACE] [REI] [REIPlugin START] Reloading Section: "end-reload/EntryTypeRegistryImpl/" done in 13.97 μs
[12:57:38] [Worker-Main-2/TRACE] [REI] [REIPlugin START] Reloading Section: "end-reload/EntrySettingsAdapterRegistryImpl/"
[12:57:38] [Worker-Main-2/TRACE] [REI] [REIPlugin START] Reloading Section: "end-reload/EntrySettingsAdapterRegistryImpl/" done in 5.630 μs
[12:57:38] [Worker-Main-2/TRACE] [REI] [REIPlugin START] Reloading Section: "end-reload/RecipeManagerContextImpl/"
[12:57:38] [Worker-Main-2/TRACE] [REI] [REIPlugin START] Reloading Section: "end-reload/RecipeManagerContextImpl/" done in 5.390 μs
[12:57:38] [Worker-Main-2/TRACE] [REI] [REIPlugin START] Reloading Section: "end-reload/ItemComparatorRegistryImpl/"
[12:57:38] [Worker-Main-2/TRACE] [REI] [REIPlugin START] Reloading Section: "end-reload/ItemComparatorRegistryImpl/" done in 5.200 μs
[12:57:38] [Worker-Main-2/TRACE] [REI] [REIPlugin START] Reloading Section: "end-reload/FluidComparatorRegistryImpl/"
[12:57:38] [Worker-Main-2/TRACE] [REI] [REIPlugin START] Reloading Section: "end-reload/FluidComparatorRegistryImpl/" done in 5.740 μs
[12:57:38] [Worker-Main-2/TRACE] [REI] [REIPlugin START] Reloading Section: "end-reload/DisplaySerializerRegistryImpl/"
[12:57:38] [Worker-Main-2/TRACE] [REI] [REIPlugin START] Reloading Section: "end-reload/DisplaySerializerRegistryImpl/" done in 5.410 μs
[12:57:38] [Worker-Main-2/TRACE] [REI] [REIPlugin START] Reloading Section: "end-reload/FluidSupportProviderImpl/"
[12:57:38] [Worker-Main-2/TRACE] [REI] [REIPlugin START] Reloading Section: "end-reload/FluidSupportProviderImpl/" done in 7.974 μs
[12:57:38] [Worker-Main-2/TRACE] [REI] [REIPlugin START] Reloading Section: "end-reload/" done in 1.547 ms
[12:57:38] [Worker-Main-2/DEBUG] [REI] ========================================
[12:57:38] [Worker-Main-2/DEBUG] [REI] REIPlugin ended main-reload for START in 20.30 ms.
[12:57:38] [Worker-Main-2/DEBUG] [REI] ========================================
[12:57:38] [Worker-Main-2/INFO] [REI] ++++++++++++++++++++++++++++++++++++++++
[12:57:38] [Worker-Main-2/INFO] [REI] REIServerPlugin starting main-reload for START.
[12:57:38] [Worker-Main-2/DEBUG] [REI] Reloadables (2):
[12:57:38] [Worker-Main-2/DEBUG] [REI]  - MenuInfoRegistryImpl
[12:57:38] [Worker-Main-2/DEBUG] [REI]  - SlotAccessorRegistryImpl
[12:57:38] [Worker-Main-2/INFO] [REI] Plugins (2):
[12:57:38] [Worker-Main-2/INFO] [REI]  - (-100.00) DefaultPluginImpl of DefaultPluginImpl [roughlyenoughitems]
[12:57:38] [Worker-Main-2/INFO] [REI]  - (0.00) DefaultRuntimePlugin of DefaultRuntimePlugin [roughlyenoughitems]
[12:57:38] [Worker-Main-2/INFO] [REI] ++++++++++++++++++++++++++++++++++++++++
[12:57:38] [Worker-Main-2/TRACE] [REI] [REIServerPlugin START] Reloading Section: "start-reload/"
[12:57:38] [Worker-Main-2/TRACE] [REI] [REIServerPlugin START] Reloading Section: "start-reload/MenuInfoRegistryImpl/"
[12:57:38] [Worker-Main-2/TRACE] [REI] [REIServerPlugin START] Reloading Section: "start-reload/MenuInfoRegistryImpl/" done in 6.933 μs
[12:57:38] [Worker-Main-2/TRACE] [REI] [REIServerPlugin START] Reloading Section: "start-reload/SlotAccessorRegistryImpl/"
[12:57:38] [Worker-Main-2/TRACE] [REI] [REIServerPlugin START] Reloading Section: "start-reload/SlotAccessorRegistryImpl/" done in 6.181 μs
[12:57:38] [Worker-Main-2/TRACE] [REI] [REIServerPlugin START] Reloading Section: "start-reload/" done in 235.1 μs
[12:57:38] [Worker-Main-2/DEBUG] [REI] ========================================
[12:57:38] [Worker-Main-2/DEBUG] [REI] REIServerPlugin started main-reload for START.
[12:57:38] [Worker-Main-2/DEBUG] [REI] ========================================
[12:57:38] [Worker-Main-2/TRACE] [REI] [REIServerPlugin START] Reloading Section: "reloadable-plugin/MenuInfoRegistryImpl/"
[12:57:38] [Worker-Main-2/TRACE] [REI] [REIServerPlugin START] Reloading Section: "reloadable-plugin/MenuInfoRegistryImpl/DefaultPluginImpl of DefaultPluginImpl [roughlyenoughitems]/"
[12:57:38] [Worker-Main-2/TRACE] [REI] [REIServerPlugin START] Reloading Section: "reloadable-plugin/MenuInfoRegistryImpl/DefaultPluginImpl of DefaultPluginImpl [roughlyenoughitems]/" done in 9.929 μs
[12:57:38] [Worker-Main-2/TRACE] [REI] [REIServerPlugin START] Reloading Section: "reloadable-plugin/MenuInfoRegistryImpl/DefaultRuntimePlugin of DefaultRuntimePlugin [roughlyenoughitems]/"
[12:57:38] [Worker-Main-2/TRACE] [REI] [REIServerPlugin START] Reloading Section: "reloadable-plugin/MenuInfoRegistryImpl/DefaultRuntimePlugin of DefaultRuntimePlugin [roughlyenoughitems]/" done in 8.856 μs
[12:57:38] [Worker-Main-2/TRACE] [REI] [REIServerPlugin START] Reloading Section: "reloadable-plugin/MenuInfoRegistryImpl/" done in 272.4 μs
[12:57:38] [Worker-Main-2/TRACE] [REI] [REIServerPlugin START] Reloading Section: "reloadable-plugin/SlotAccessorRegistryImpl/"
[12:57:38] [Worker-Main-2/TRACE] [REI] [REIServerPlugin START] Reloading Section: "reloadable-plugin/SlotAccessorRegistryImpl/DefaultPluginImpl of DefaultPluginImpl [roughlyenoughitems]/"
[12:57:38] [Worker-Main-2/TRACE] [REI] [REIServerPlugin START] Reloading Section: "reloadable-plugin/SlotAccessorRegistryImpl/DefaultPluginImpl of DefaultPluginImpl [roughlyenoughitems]/" done in 34.29 μs
[12:57:38] [Worker-Main-2/TRACE] [REI] [REIServerPlugin START] Reloading Section: "reloadable-plugin/SlotAccessorRegistryImpl/DefaultRuntimePlugin of DefaultRuntimePlugin [roughlyenoughitems]/"
[12:57:38] [Worker-Main-2/TRACE] [REI] [REIServerPlugin START] Reloading Section: "reloadable-plugin/SlotAccessorRegistryImpl/DefaultRuntimePlugin of DefaultRuntimePlugin [roughlyenoughitems]/" done in 9.407 μs
[12:57:38] [Worker-Main-2/TRACE] [REI] [REIServerPlugin START] Reloading Section: "reloadable-plugin/SlotAccessorRegistryImpl/" done in 312.5 μs
[12:57:38] [Worker-Main-2/DEBUG] [REI] ========================================
[12:57:38] [Worker-Main-2/DEBUG] [REI] REIServerPlugin ending main-reload for START.
[12:57:38] [Worker-Main-2/DEBUG] [REI] ========================================
[12:57:38] [Worker-Main-2/TRACE] [REI] [REIServerPlugin START] Reloading Section: "end-reload/"
[12:57:38] [Worker-Main-2/TRACE] [REI] [REIServerPlugin START] Reloading Section: "end-reload/MenuInfoRegistryImpl/"
[12:57:38] [Worker-Main-2/TRACE] [REI] [REIServerPlugin START] Reloading Section: "end-reload/MenuInfoRegistryImpl/" done in 6.642 μs
[12:57:38] [Worker-Main-2/TRACE] [REI] [REIServerPlugin START] Reloading Section: "end-reload/SlotAccessorRegistryImpl/"
[12:57:38] [Worker-Main-2/TRACE] [REI] [REIServerPlugin START] Reloading Section: "end-reload/SlotAccessorRegistryImpl/" done in 6.101 μs
[12:57:38] [Worker-Main-2/TRACE] [REI] [REIServerPlugin START] Reloading Section: "end-reload/" done in 280.7 μs
[12:57:38] [Worker-Main-2/DEBUG] [REI] ========================================
[12:57:38] [Worker-Main-2/DEBUG] [REI] REIServerPlugin ended main-reload for START in 2.311 ms.
[12:57:38] [Worker-Main-2/DEBUG] [REI] ========================================
[12:57:38] [Worker-Main-2/DEBUG] [REI] ========================================
[12:57:38] [Worker-Main-2/DEBUG] [REI] REIPlugin starting post-reload for START.
[12:57:38] [Worker-Main-2/DEBUG] [REI] Reloadables (7):
[12:57:38] [Worker-Main-2/DEBUG] [REI]  - EntryTypeRegistryImpl
[12:57:38] [Worker-Main-2/DEBUG] [REI]  - EntrySettingsAdapterRegistryImpl
[12:57:38] [Worker-Main-2/DEBUG] [REI]  - RecipeManagerContextImpl
[12:57:38] [Worker-Main-2/DEBUG] [REI]  - ItemComparatorRegistryImpl
[12:57:38] [Worker-Main-2/DEBUG] [REI]  - FluidComparatorRegistryImpl
[12:57:38] [Worker-Main-2/DEBUG] [REI]  - DisplaySerializerRegistryImpl
[12:57:38] [Worker-Main-2/DEBUG] [REI]  - FluidSupportProviderImpl
[12:57:38] [Worker-Main-2/DEBUG] [REI] Plugins (2):
[12:57:38] [Worker-Main-2/DEBUG] [REI]  - (-100.00) DefaultPluginImpl of DefaultPluginImpl [roughlyenoughitems]
[12:57:38] [Worker-Main-2/DEBUG] [REI]  - (0.00) DefaultRuntimePlugin of DefaultRuntimePlugin [roughlyenoughitems]
[12:57:38] [Worker-Main-2/DEBUG] [REI] ========================================
[12:57:38] [Worker-Main-2/TRACE] [REI] [REIPlugin START] Reloading Section: "post-register/"
[12:57:38] [Worker-Main-2/TRACE] [REI] [REIPlugin START] Reloading Section: "post-register/DefaultPluginImpl of DefaultPluginImpl [roughlyenoughitems]/"
[12:57:38] [Worker-Main-2/TRACE] [REI] [REIPlugin START] Reloading Section: "post-register/DefaultPluginImpl of DefaultPluginImpl [roughlyenoughitems]/" done in 179.8 μs
[12:57:38] [Worker-Main-2/TRACE] [REI] [REIPlugin START] Reloading Section: "post-register/DefaultRuntimePlugin of DefaultRuntimePlugin [roughlyenoughitems]/"
[12:57:38] [Worker-Main-2/TRACE] [REI] [REIPlugin START] Reloading Section: "post-register/DefaultRuntimePlugin of DefaultRuntimePlugin [roughlyenoughitems]/" done in 22.87 μs
[12:57:38] [Worker-Main-2/TRACE] [REI] [REIPlugin START] Reloading Section: "post-register/" done in 9.422 ms
[12:57:38] [Worker-Main-2/TRACE] [REI] [REIPlugin START] Reloading Section: "post-stage/"
[12:57:38] [Worker-Main-2/TRACE] [REI] [REIPlugin START] Reloading Section: "post-stage/EntryTypeRegistryImpl/"
[12:57:38] [Worker-Main-2/TRACE] [REI] [REIPlugin START] Reloading Section: "post-stage/EntryTypeRegistryImpl/" done in 13.63 μs
[12:57:38] [Worker-Main-2/TRACE] [REI] [REIPlugin START] Reloading Section: "post-stage/EntrySettingsAdapterRegistryImpl/"
[12:57:38] [Worker-Main-2/TRACE] [REI] [REIPlugin START] Reloading Section: "post-stage/EntrySettingsAdapterRegistryImpl/" done in 5.851 μs
[12:57:38] [Worker-Main-2/TRACE] [REI] [REIPlugin START] Reloading Section: "post-stage/RecipeManagerContextImpl/"
[12:57:38] [Worker-Main-2/TRACE] [REI] [REIPlugin START] Reloading Section: "post-stage/RecipeManagerContextImpl/" done in 5.179 μs
[12:57:38] [Worker-Main-2/TRACE] [REI] [REIPlugin START] Reloading Section: "post-stage/ItemComparatorRegistryImpl/"
[12:57:38] [Worker-Main-2/TRACE] [REI] [REIPlugin START] Reloading Section: "post-stage/ItemComparatorRegistryImpl/" done in 4.849 μs
[12:57:38] [Worker-Main-2/TRACE] [REI] [REIPlugin START] Reloading Section: "post-stage/FluidComparatorRegistryImpl/"
[12:57:38] [Worker-Main-2/TRACE] [REI] [REIPlugin START] Reloading Section: "post-stage/FluidComparatorRegistryImpl/" done in 4.198 μs
[12:57:38] [Worker-Main-2/TRACE] [REI] [REIPlugin START] Reloading Section: "post-stage/DisplaySerializerRegistryImpl/"
[12:57:38] [Worker-Main-2/TRACE] [REI] [REIPlugin START] Reloading Section: "post-stage/DisplaySerializerRegistryImpl/" done in 4.448 μs
[12:57:38] [Worker-Main-2/TRACE] [REI] [REIPlugin START] Reloading Section: "post-stage/FluidSupportProviderImpl/"
[12:57:38] [Worker-Main-2/TRACE] [REI] [REIPlugin START] Reloading Section: "post-stage/FluidSupportProviderImpl/" done in 4.929 μs
[12:57:38] [Worker-Main-2/TRACE] [REI] [REIPlugin START] Reloading Section: "post-stage/" done in 1.104 ms
[12:57:38] [Worker-Main-2/DEBUG] [REI] ========================================
[12:57:38] [Worker-Main-2/INFO] [REI] REIPlugin finished post-reload for START in 10.78 ms, totaling 65.76 ms.
[12:57:38] [Worker-Main-2/DEBUG] [REI] ========================================
[12:57:38] [Worker-Main-2/DEBUG] [REI] ========================================
[12:57:38] [Worker-Main-2/DEBUG] [REI] REIServerPlugin starting post-reload for START.
[12:57:38] [Worker-Main-2/DEBUG] [REI] Reloadables (2):
[12:57:38] [Worker-Main-2/DEBUG] [REI]  - MenuInfoRegistryImpl
[12:57:38] [Worker-Main-2/DEBUG] [REI]  - SlotAccessorRegistryImpl
[12:57:38] [Worker-Main-2/DEBUG] [REI] Plugins (2):
[12:57:38] [Worker-Main-2/DEBUG] [REI]  - (-100.00) DefaultPluginImpl of DefaultPluginImpl [roughlyenoughitems]
[12:57:38] [Worker-Main-2/DEBUG] [REI]  - (0.00) DefaultRuntimePlugin of DefaultRuntimePlugin [roughlyenoughitems]
[12:57:38] [Worker-Main-2/DEBUG] [REI] ========================================
[12:57:38] [Worker-Main-2/TRACE] [REI] [REIServerPlugin START] Reloading Section: "post-register/"
[12:57:38] [Worker-Main-2/TRACE] [REI] [REIServerPlugin START] Reloading Section: "post-register/DefaultPluginImpl of DefaultPluginImpl [roughlyenoughitems]/"
[12:57:38] [Worker-Main-2/TRACE] [REI] [REIServerPlugin START] Reloading Section: "post-register/DefaultPluginImpl of DefaultPluginImpl [roughlyenoughitems]/" done in 17.52 μs
[12:57:38] [Worker-Main-2/TRACE] [REI] [REIServerPlugin START] Reloading Section: "post-register/DefaultRuntimePlugin of DefaultRuntimePlugin [roughlyenoughitems]/"
[12:57:38] [Worker-Main-2/TRACE] [REI] [REIServerPlugin START] Reloading Section: "post-register/DefaultRuntimePlugin of DefaultRuntimePlugin [roughlyenoughitems]/" done in 8.395 μs
[12:57:38] [Worker-Main-2/TRACE] [REI] [REIServerPlugin START] Reloading Section: "post-register/" done in 275.6 μs
[12:57:38] [Worker-Main-2/TRACE] [REI] [REIServerPlugin START] Reloading Section: "post-stage/"
[12:57:38] [Worker-Main-2/TRACE] [REI] [REIServerPlugin START] Reloading Section: "post-stage/MenuInfoRegistryImpl/"
[12:57:38] [Worker-Main-2/TRACE] [REI] [REIServerPlugin START] Reloading Section: "post-stage/MenuInfoRegistryImpl/" done in 6.041 μs
[12:57:38] [Worker-Main-2/TRACE] [REI] [REIServerPlugin START] Reloading Section: "post-stage/SlotAccessorRegistryImpl/"
[12:57:38] [Worker-Main-2/TRACE] [REI] [REIServerPlugin START] Reloading Section: "post-stage/SlotAccessorRegistryImpl/" done in 4.468 μs
[12:57:38] [Worker-Main-2/TRACE] [REI] [REIServerPlugin START] Reloading Section: "post-stage/" done in 185.7 μs
[12:57:38] [Worker-Main-2/DEBUG] [REI] ========================================
[12:57:38] [Worker-Main-2/INFO] [REI] REIServerPlugin finished post-reload for START in 644.5 μs, totaling 3.707 ms.
[12:57:38] [Worker-Main-2/DEBUG] [REI] ========================================
[12:57:38] [Worker-Main-2/DEBUG] [REI] ========================================
[12:57:38] [Worker-Main-2/DEBUG] [REI] REIPlugin starting pre-reload for END.
[12:57:38] [Worker-Main-2/DEBUG] [REI] Reloadables (7):
[12:57:38] [Worker-Main-2/DEBUG] [REI]  - EntryTypeRegistryImpl
[12:57:38] [Worker-Main-2/DEBUG] [REI]  - EntrySettingsAdapterRegistryImpl
[12:57:38] [Worker-Main-2/DEBUG] [REI]  - RecipeManagerContextImpl
[12:57:38] [Worker-Main-2/DEBUG] [REI]  - ItemComparatorRegistryImpl
[12:57:38] [Worker-Main-2/DEBUG] [REI]  - FluidComparatorRegistryImpl
[12:57:38] [Worker-Main-2/DEBUG] [REI]  - DisplaySerializerRegistryImpl
[12:57:38] [Worker-Main-2/DEBUG] [REI]  - FluidSupportProviderImpl
[12:57:38] [Worker-Main-2/DEBUG] [REI] Plugins (2):
[12:57:38] [Worker-Main-2/DEBUG] [REI]  - (-100.00) DefaultPluginImpl of DefaultPluginImpl [roughlyenoughitems]
[12:57:38] [Worker-Main-2/DEBUG] [REI]  - (0.00) DefaultRuntimePlugin of DefaultRuntimePlugin [roughlyenoughitems]
[12:57:38] [Worker-Main-2/DEBUG] [REI] ========================================
[12:57:38] [Worker-Main-2/TRACE] [REI] [REIPlugin END] Reloading Section: "pre-register/"
[12:57:38] [Worker-Main-2/TRACE] [REI] [REIPlugin END] Reloading Section: "pre-register/DefaultPluginImpl of DefaultPluginImpl [roughlyenoughitems]/"
[12:57:38] [Worker-Main-2/TRACE] [REI] [REIPlugin END] Reloading Section: "pre-register/DefaultPluginImpl of DefaultPluginImpl [roughlyenoughitems]/" done in 8.897 μs
[12:57:38] [Worker-Main-2/TRACE] [REI] [REIPlugin END] Reloading Section: "pre-register/DefaultRuntimePlugin of DefaultRuntimePlugin [roughlyenoughitems]/"
[12:57:38] [Worker-Main-2/TRACE] [REI] [REIPlugin END] Reloading Section: "pre-register/DefaultRuntimePlugin of DefaultRuntimePlugin [roughlyenoughitems]/" done in 7.063 μs
[12:57:38] [Worker-Main-2/TRACE] [REI] [REIPlugin END] Reloading Section: "pre-register/" done in 216.7 μs
[12:57:38] [Worker-Main-2/TRACE] [REI] [REIPlugin END] Reloading Section: "pre-stage/"
[12:57:38] [Worker-Main-2/TRACE] [REI] [REIPlugin END] Reloading Section: "pre-stage/EntryTypeRegistryImpl/"
[12:57:38] [Worker-Main-2/TRACE] [REI] [REIPlugin END] Reloading Section: "pre-stage/EntryTypeRegistryImpl/" done in 5.350 μs
[12:57:38] [Worker-Main-2/TRACE] [REI] [REIPlugin END] Reloading Section: "pre-stage/EntrySettingsAdapterRegistryImpl/"
[12:57:38] [Worker-Main-2/TRACE] [REI] [REIPlugin END] Reloading Section: "pre-stage/EntrySettingsAdapterRegistryImpl/" done in 5.150 μs
[12:57:38] [Worker-Main-2/TRACE] [REI] [REIPlugin END] Reloading Section: "pre-stage/RecipeManagerContextImpl/"
[12:57:38] [Worker-Main-2/TRACE] [REI] [REIPlugin END] Reloading Section: "pre-stage/RecipeManagerContextImpl/" done in 4.919 μs
[12:57:38] [Worker-Main-2/TRACE] [REI] [REIPlugin END] Reloading Section: "pre-stage/ItemComparatorRegistryImpl/"
[12:57:38] [Worker-Main-2/TRACE] [REI] [REIPlugin END] Reloading Section: "pre-stage/ItemComparatorRegistryImpl/" done in 5.972 μs
[12:57:38] [Worker-Main-2/TRACE] [REI] [REIPlugin END] Reloading Section: "pre-stage/FluidComparatorRegistryImpl/"
[12:57:38] [Worker-Main-2/TRACE] [REI] [REIPlugin END] Reloading Section: "pre-stage/FluidComparatorRegistryImpl/" done in 5.981 μs
[12:57:38] [Worker-Main-2/TRACE] [REI] [REIPlugin END] Reloading Section: "pre-stage/DisplaySerializerRegistryImpl/"
[12:57:38] [Worker-Main-2/TRACE] [REI] [REIPlugin END] Reloading Section: "pre-stage/DisplaySerializerRegistryImpl/" done in 5.851 μs
[12:57:38] [Worker-Main-2/TRACE] [REI] [REIPlugin END] Reloading Section: "pre-stage/FluidSupportProviderImpl/"
[12:57:38] [Worker-Main-2/TRACE] [REI] [REIPlugin END] Reloading Section: "pre-stage/FluidSupportProviderImpl/" done in 7.694 μs
[12:57:38] [Worker-Main-2/TRACE] [REI] [REIPlugin END] Reloading Section: "pre-stage/" done in 788.7 μs
[12:57:38] [Worker-Main-2/DEBUG] [REI] ========================================
[12:57:38] [Worker-Main-2/DEBUG] [REI] REIPlugin finished pre-reload for END in 1.164 ms.
[12:57:38] [Worker-Main-2/DEBUG] [REI] ========================================
[12:57:38] [Worker-Main-2/DEBUG] [REI] ========================================
[12:57:38] [Worker-Main-2/DEBUG] [REI] REIServerPlugin starting pre-reload for END.
[12:57:38] [Worker-Main-2/DEBUG] [REI] Reloadables (2):
[12:57:38] [Worker-Main-2/DEBUG] [REI]  - MenuInfoRegistryImpl
[12:57:38] [Worker-Main-2/DEBUG] [REI]  - SlotAccessorRegistryImpl
[12:57:38] [Worker-Main-2/DEBUG] [REI] Plugins (2):
[12:57:38] [Worker-Main-2/DEBUG] [REI]  - (-100.00) DefaultPluginImpl of DefaultPluginImpl [roughlyenoughitems]
[12:57:38] [Worker-Main-2/DEBUG] [REI]  - (0.00) DefaultRuntimePlugin of DefaultRuntimePlugin [roughlyenoughitems]
[12:57:38] [Worker-Main-2/DEBUG] [REI] ========================================
[12:57:38] [Worker-Main-2/TRACE] [REI] [REIServerPlugin END] Reloading Section: "pre-register/"
[12:57:38] [Worker-Main-2/TRACE] [REI] [REIServerPlugin END] Reloading Section: "pre-register/DefaultPluginImpl of DefaultPluginImpl [roughlyenoughitems]/"
[12:57:38] [Worker-Main-2/TRACE] [REI] [REIServerPlugin END] Reloading Section: "pre-register/DefaultPluginImpl of DefaultPluginImpl [roughlyenoughitems]/" done in 8.075 μs
[12:57:38] [Worker-Main-2/TRACE] [REI] [REIServerPlugin END] Reloading Section: "pre-register/DefaultRuntimePlugin of DefaultRuntimePlugin [roughlyenoughitems]/"
[12:57:38] [Worker-Main-2/TRACE] [REI] [REIServerPlugin END] Reloading Section: "pre-register/DefaultRuntimePlugin of DefaultRuntimePlugin [roughlyenoughitems]/" done in 6.903 μs
[12:57:38] [Worker-Main-2/TRACE] [REI] [REIServerPlugin END] Reloading Section: "pre-register/" done in 212.0 μs
[12:57:38] [Worker-Main-2/TRACE] [REI] [REIServerPlugin END] Reloading Section: "pre-stage/"
[12:57:38] [Worker-Main-2/TRACE] [REI] [REIServerPlugin END] Reloading Section: "pre-stage/MenuInfoRegistryImpl/"
[12:57:38] [Worker-Main-2/TRACE] [REI] [REIServerPlugin END] Reloading Section: "pre-stage/MenuInfoRegistryImpl/" done in 5.931 μs
[12:57:38] [Worker-Main-2/TRACE] [REI] [REIServerPlugin END] Reloading Section: "pre-stage/SlotAccessorRegistryImpl/"
[12:57:38] [Worker-Main-2/TRACE] [REI] [REIServerPlugin END] Reloading Section: "pre-stage/SlotAccessorRegistryImpl/" done in 4.949 μs
[12:57:38] [Worker-Main-2/TRACE] [REI] [REIServerPlugin END] Reloading Section: "pre-stage/" done in 194.6 μs
[12:57:38] [Worker-Main-2/DEBUG] [REI] ========================================
[12:57:38] [Worker-Main-2/DEBUG] [REI] REIServerPlugin finished pre-reload for END in 605.2 μs.
[12:57:38] [Worker-Main-2/DEBUG] [REI] ========================================
[12:57:38] [Worker-Main-2/INFO] [REI] %%%%%%%%%%%%%%%%%%%%%%%%%%%%%%%%%%%%%%%%
[12:57:38] [Worker-Main-2/INFO] [REI] REIPlugin starting main-reload for END.
[12:57:38] [Worker-Main-2/DEBUG] [REI] Reloadables (7):
[12:57:38] [Worker-Main-2/DEBUG] [REI]  - EntryTypeRegistryImpl
[12:57:38] [Worker-Main-2/DEBUG] [REI]  - EntrySettingsAdapterRegistryImpl
[12:57:38] [Worker-Main-2/DEBUG] [REI]  - RecipeManagerContextImpl
[12:57:38] [Worker-Main-2/DEBUG] [REI]  - ItemComparatorRegistryImpl
[12:57:38] [Worker-Main-2/DEBUG] [REI]  - FluidComparatorRegistryImpl
[12:57:38] [Worker-Main-2/DEBUG] [REI]  - DisplaySerializerRegistryImpl
[12:57:38] [Worker-Main-2/DEBUG] [REI]  - FluidSupportProviderImpl
[12:57:38] [Worker-Main-2/INFO] [REI] Plugins (2):
[12:57:38] [Worker-Main-2/INFO] [REI]  - (-100.00) DefaultPluginImpl of DefaultPluginImpl [roughlyenoughitems]
[12:57:38] [Worker-Main-2/INFO] [REI]  - (0.00) DefaultRuntimePlugin of DefaultRuntimePlugin [roughlyenoughitems]
[12:57:38] [Worker-Main-2/INFO] [REI] %%%%%%%%%%%%%%%%%%%%%%%%%%%%%%%%%%%%%%%%
[12:57:38] [Worker-Main-2/TRACE] [REI] [REIPlugin END] Reloading Section: "start-reload/"
[12:57:38] [Worker-Main-2/TRACE] [REI] [REIPlugin END] Reloading Section: "start-reload/EntryTypeRegistryImpl/"
[12:57:38] [Worker-Main-2/TRACE] [REI] [REIPlugin END] Reloading Section: "start-reload/EntryTypeRegistryImpl/" done in 6.421 μs
[12:57:38] [Worker-Main-2/TRACE] [REI] [REIPlugin END] Reloading Section: "start-reload/EntrySettingsAdapterRegistryImpl/"
[12:57:38] [Worker-Main-2/TRACE] [REI] [REIPlugin END] Reloading Section: "start-reload/EntrySettingsAdapterRegistryImpl/" done in 18.00 μs
[12:57:38] [Worker-Main-2/TRACE] [REI] [REIPlugin END] Reloading Section: "start-reload/RecipeManagerContextImpl/"
[12:57:38] [Worker-Main-2/TRACE] [REI] [REIPlugin END] Reloading Section: "start-reload/RecipeManagerContextImpl/" done in 8.726 μs
[12:57:38] [Worker-Main-2/TRACE] [REI] [REIPlugin END] Reloading Section: "start-reload/ItemComparatorRegistryImpl/"
[12:57:38] [Worker-Main-2/TRACE] [REI] [REIPlugin END] Reloading Section: "start-reload/ItemComparatorRegistryImpl/" done in 5.490 μs
[12:57:38] [Worker-Main-2/TRACE] [REI] [REIPlugin END] Reloading Section: "start-reload/FluidComparatorRegistryImpl/"
[12:57:38] [Worker-Main-2/TRACE] [REI] [REIPlugin END] Reloading Section: "start-reload/FluidComparatorRegistryImpl/" done in 4.819 μs
[12:57:38] [Worker-Main-2/TRACE] [REI] [REIPlugin END] Reloading Section: "start-reload/DisplaySerializerRegistryImpl/"
[12:57:38] [Worker-Main-2/TRACE] [REI] [REIPlugin END] Reloading Section: "start-reload/DisplaySerializerRegistryImpl/" done in 12.95 μs
[12:57:38] [Worker-Main-2/TRACE] [REI] [REIPlugin END] Reloading Section: "start-reload/FluidSupportProviderImpl/"
[12:57:38] [Worker-Main-2/TRACE] [REI] [REIPlugin END] Reloading Section: "start-reload/FluidSupportProviderImpl/" done in 5.651 μs
[12:57:38] [Worker-Main-2/TRACE] [REI] [REIPlugin END] Reloading Section: "start-reload/" done in 1.545 ms
[12:57:38] [Worker-Main-2/DEBUG] [REI] ========================================
[12:57:38] [Worker-Main-2/DEBUG] [REI] REIPlugin started main-reload for END.
[12:57:38] [Worker-Main-2/DEBUG] [REI] ========================================
[12:57:38] [Worker-Main-2/TRACE] [REI] [REIPlugin END] Reloading Section: "reloadable-plugin/EntryTypeRegistryImpl/"
[12:57:38] [Worker-Main-2/TRACE] [REI] [REIPlugin END] Reloading Section: "reloadable-plugin/EntryTypeRegistryImpl/DefaultPluginImpl of DefaultPluginImpl [roughlyenoughitems]/"
[12:57:38] [Worker-Main-2/TRACE] [REI] [REIPlugin END] Reloading Section: "reloadable-plugin/EntryTypeRegistryImpl/DefaultPluginImpl of DefaultPluginImpl [roughlyenoughitems]/" done in 12.96 μs
[12:57:38] [Worker-Main-2/TRACE] [REI] [REIPlugin END] Reloading Section: "reloadable-plugin/EntryTypeRegistryImpl/DefaultRuntimePlugin of DefaultRuntimePlugin [roughlyenoughitems]/"
[12:57:38] [Worker-Main-2/TRACE] [REI] [REIPlugin END] Reloading Section: "reloadable-plugin/EntryTypeRegistryImpl/DefaultRuntimePlugin of DefaultRuntimePlugin [roughlyenoughitems]/" done in 23.46 μs
[12:57:38] [Worker-Main-2/TRACE] [REI] [REIPlugin END] Reloading Section: "reloadable-plugin/EntryTypeRegistryImpl/" done in 5.393 ms
[12:57:38] [Worker-Main-2/TRACE] [REI] [REIPlugin END] Reloading Section: "reloadable-plugin/EntrySettingsAdapterRegistryImpl/"
[12:57:38] [Worker-Main-2/TRACE] [REI] [REIPlugin END] Reloading Section: "reloadable-plugin/EntrySettingsAdapterRegistryImpl/DefaultPluginImpl of DefaultPluginImpl [roughlyenoughitems]/"
[12:57:38] [Worker-Main-2/TRACE] [REI] [REIPlugin END] Reloading Section: "reloadable-plugin/EntrySettingsAdapterRegistryImpl/DefaultPluginImpl of DefaultPluginImpl [roughlyenoughitems]/" done in 23.57 μs
[12:57:38] [Worker-Main-2/TRACE] [REI] [REIPlugin END] Reloading Section: "reloadable-plugin/EntrySettingsAdapterRegistryImpl/DefaultRuntimePlugin of DefaultRuntimePlugin [roughlyenoughitems]/"
[12:57:38] [Worker-Main-2/TRACE] [REI] [REIPlugin END] Reloading Section: "reloadable-plugin/EntrySettingsAdapterRegistryImpl/DefaultRuntimePlugin of DefaultRuntimePlugin [roughlyenoughitems]/" done in 15.10 μs
[12:57:38] [Worker-Main-2/TRACE] [REI] [REIPlugin END] Reloading Section: "reloadable-plugin/EntrySettingsAdapterRegistryImpl/" done in 331.8 μs
[12:57:38] [Worker-Main-2/TRACE] [REI] [REIPlugin END] Reloading Section: "reloadable-plugin/RecipeManagerContextImpl/"
[12:57:38] [Worker-Main-2/TRACE] [REI] [REIPlugin END] Reloading Section: "reloadable-plugin/RecipeManagerContextImpl/DefaultPluginImpl of DefaultPluginImpl [roughlyenoughitems]/"
[12:57:38] [Worker-Main-2/TRACE] [REI] [REIPlugin END] Reloading Section: "reloadable-plugin/RecipeManagerContextImpl/DefaultPluginImpl of DefaultPluginImpl [roughlyenoughitems]/" done in 12.82 μs
[12:57:38] [Worker-Main-2/TRACE] [REI] [REIPlugin END] Reloading Section: "reloadable-plugin/RecipeManagerContextImpl/DefaultRuntimePlugin of DefaultRuntimePlugin [roughlyenoughitems]/"
[12:57:38] [Worker-Main-2/TRACE] [REI] [REIPlugin END] Reloading Section: "reloadable-plugin/RecipeManagerContextImpl/DefaultRuntimePlugin of DefaultRuntimePlugin [roughlyenoughitems]/" done in 11.46 μs
[12:57:38] [Worker-Main-2/TRACE] [REI] [REIPlugin END] Reloading Section: "reloadable-plugin/RecipeManagerContextImpl/" done in 257.0 μs
[12:57:38] [Worker-Main-2/TRACE] [REI] [REIPlugin END] Reloading Section: "reloadable-plugin/ItemComparatorRegistryImpl/"
[12:57:38] [Worker-Main-2/TRACE] [REI] [REIPlugin END] Reloading Section: "reloadable-plugin/ItemComparatorRegistryImpl/DefaultPluginImpl of DefaultPluginImpl [roughlyenoughitems]/"
[12:57:38] [Worker-Main-2/TRACE] [REI] [REIPlugin END] Reloading Section: "reloadable-plugin/ItemComparatorRegistryImpl/DefaultPluginImpl of DefaultPluginImpl [roughlyenoughitems]/" done in 10.53 μs
[12:57:38] [Worker-Main-2/TRACE] [REI] [REIPlugin END] Reloading Section: "reloadable-plugin/ItemComparatorRegistryImpl/DefaultRuntimePlugin of DefaultRuntimePlugin [roughlyenoughitems]/"
[12:57:38] [Worker-Main-2/TRACE] [REI] [REIPlugin END] Reloading Section: "reloadable-plugin/ItemComparatorRegistryImpl/DefaultRuntimePlugin of DefaultRuntimePlugin [roughlyenoughitems]/" done in 12.78 μs
[12:57:38] [Worker-Main-2/TRACE] [REI] [REIPlugin END] Reloading Section: "reloadable-plugin/ItemComparatorRegistryImpl/" done in 331.4 μs
[12:57:38] [Worker-Main-2/TRACE] [REI] [REIPlugin END] Reloading Section: "reloadable-plugin/FluidComparatorRegistryImpl/"
[12:57:38] [Worker-Main-2/TRACE] [REI] [REIPlugin END] Reloading Section: "reloadable-plugin/FluidComparatorRegistryImpl/DefaultPluginImpl of DefaultPluginImpl [roughlyenoughitems]/"
[12:57:38] [Worker-Main-2/TRACE] [REI] [REIPlugin END] Reloading Section: "reloadable-plugin/FluidComparatorRegistryImpl/DefaultPluginImpl of DefaultPluginImpl [roughlyenoughitems]/" done in 11.15 μs
[12:57:38] [Worker-Main-2/TRACE] [REI] [REIPlugin END] Reloading Section: "reloadable-plugin/FluidComparatorRegistryImpl/DefaultRuntimePlugin of DefaultRuntimePlugin [roughlyenoughitems]/"
[12:57:38] [Worker-Main-2/TRACE] [REI] [REIPlugin END] Reloading Section: "reloadable-plugin/FluidComparatorRegistryImpl/DefaultRuntimePlugin of DefaultRuntimePlugin [roughlyenoughitems]/" done in 11.93 μs
[12:57:38] [Worker-Main-2/TRACE] [REI] [REIPlugin END] Reloading Section: "reloadable-plugin/FluidComparatorRegistryImpl/" done in 267.7 μs
[12:57:38] [Worker-Main-2/TRACE] [REI] [REIPlugin END] Reloading Section: "reloadable-plugin/DisplaySerializerRegistryImpl/"
[12:57:38] [Worker-Main-2/TRACE] [REI] [REIPlugin END] Reloading Section: "reloadable-plugin/DisplaySerializerRegistryImpl/DefaultPluginImpl of DefaultPluginImpl [roughlyenoughitems]/"
[12:57:38] [Worker-Main-2/TRACE] [REI] [REIPlugin END] Reloading Section: "reloadable-plugin/DisplaySerializerRegistryImpl/DefaultPluginImpl of DefaultPluginImpl [roughlyenoughitems]/" done in 47.42 ms
[12:57:38] [Worker-Main-2/TRACE] [REI] [REIPlugin END] Reloading Section: "reloadable-plugin/DisplaySerializerRegistryImpl/DefaultRuntimePlugin of DefaultRuntimePlugin [roughlyenoughitems]/"
[12:57:38] [Worker-Main-2/TRACE] [REI] [REIPlugin END] Reloading Section: "reloadable-plugin/DisplaySerializerRegistryImpl/DefaultRuntimePlugin of DefaultRuntimePlugin [roughlyenoughitems]/" done in 39.42 μs
[12:57:38] [Worker-Main-2/TRACE] [REI] [REIPlugin END] Reloading Section: "reloadable-plugin/DisplaySerializerRegistryImpl/" done in 56.18 ms
[12:57:38] [Worker-Main-2/TRACE] [REI] [REIPlugin END] Reloading Section: "reloadable-plugin/FluidSupportProviderImpl/"
[12:57:38] [Worker-Main-2/TRACE] [REI] [REIPlugin END] Reloading Section: "reloadable-plugin/FluidSupportProviderImpl/DefaultPluginImpl of DefaultPluginImpl [roughlyenoughitems]/"
[12:57:38] [Worker-Main-2/TRACE] [REI] [REIPlugin END] Reloading Section: "reloadable-plugin/FluidSupportProviderImpl/DefaultPluginImpl of DefaultPluginImpl [roughlyenoughitems]/" done in 14.56 μs
[12:57:38] [Worker-Main-2/TRACE] [REI] [REIPlugin END] Reloading Section: "reloadable-plugin/FluidSupportProviderImpl/DefaultRuntimePlugin of DefaultRuntimePlugin [roughlyenoughitems]/"
[12:57:38] [Worker-Main-2/TRACE] [REI] [REIPlugin END] Reloading Section: "reloadable-plugin/FluidSupportProviderImpl/DefaultRuntimePlugin of DefaultRuntimePlugin [roughlyenoughitems]/" done in 16.30 μs
[12:57:38] [Worker-Main-2/TRACE] [REI] [REIPlugin END] Reloading Section: "reloadable-plugin/FluidSupportProviderImpl/" done in 1.502 ms
[12:57:38] [Worker-Main-2/DEBUG] [REI] ========================================
[12:57:38] [Worker-Main-2/DEBUG] [REI] REIPlugin ending main-reload for END.
[12:57:38] [Worker-Main-2/DEBUG] [REI] ========================================
[12:57:38] [Worker-Main-2/TRACE] [REI] [REIPlugin END] Reloading Section: "end-reload/"
[12:57:38] [Worker-Main-2/TRACE] [REI] [REIPlugin END] Reloading Section: "end-reload/EntryTypeRegistryImpl/"
[12:57:38] [Worker-Main-2/TRACE] [REI] [REIPlugin END] Reloading Section: "end-reload/EntryTypeRegistryImpl/" done in 7.985 μs
[12:57:38] [Worker-Main-2/TRACE] [REI] [REIPlugin END] Reloading Section: "end-reload/EntrySettingsAdapterRegistryImpl/"
[12:57:38] [Worker-Main-2/TRACE] [REI] [REIPlugin END] Reloading Section: "end-reload/EntrySettingsAdapterRegistryImpl/" done in 6.602 μs
[12:57:38] [Worker-Main-2/TRACE] [REI] [REIPlugin END] Reloading Section: "end-reload/RecipeManagerContextImpl/"
[12:57:38] [Worker-Main-2/TRACE] [REI] [REIPlugin END] Reloading Section: "end-reload/RecipeManagerContextImpl/" done in 7.193 μs
[12:57:38] [Worker-Main-2/TRACE] [REI] [REIPlugin END] Reloading Section: "end-reload/ItemComparatorRegistryImpl/"
[12:57:38] [Worker-Main-2/TRACE] [REI] [REIPlugin END] Reloading Section: "end-reload/ItemComparatorRegistryImpl/" done in 6.442 μs
[12:57:38] [Worker-Main-2/TRACE] [REI] [REIPlugin END] Reloading Section: "end-reload/FluidComparatorRegistryImpl/"
[12:57:38] [Worker-Main-2/TRACE] [REI] [REIPlugin END] Reloading Section: "end-reload/FluidComparatorRegistryImpl/" done in 5.160 μs
[12:57:38] [Worker-Main-2/TRACE] [REI] [REIPlugin END] Reloading Section: "end-reload/DisplaySerializerRegistryImpl/"
[12:57:38] [Worker-Main-2/TRACE] [REI] [REIPlugin END] Reloading Section: "end-reload/DisplaySerializerRegistryImpl/" done in 5.870 μs
[12:57:38] [Worker-Main-2/TRACE] [REI] [REIPlugin END] Reloading Section: "end-reload/FluidSupportProviderImpl/"
[12:57:38] [Worker-Main-2/TRACE] [REI] [REIPlugin END] Reloading Section: "end-reload/FluidSupportProviderImpl/" done in 5.981 μs
[12:57:38] [Worker-Main-2/TRACE] [REI] [REIPlugin END] Reloading Section: "end-reload/" done in 1.736 ms
[12:57:38] [Worker-Main-2/DEBUG] [REI] ========================================
[12:57:38] [Worker-Main-2/DEBUG] [REI] REIPlugin ended main-reload for END in 76.19 ms.
[12:57:38] [Worker-Main-2/DEBUG] [REI] ========================================
[12:57:38] [Worker-Main-2/INFO] [REI] @@@@@@@@@@@@@@@@@@@@@@@@@@@@@@@@@@@@@@@@
[12:57:38] [Worker-Main-2/INFO] [REI] REIServerPlugin starting main-reload for END.
[12:57:38] [Worker-Main-2/DEBUG] [REI] Reloadables (2):
[12:57:38] [Worker-Main-2/DEBUG] [REI]  - MenuInfoRegistryImpl
[12:57:38] [Worker-Main-2/DEBUG] [REI]  - SlotAccessorRegistryImpl
[12:57:38] [Worker-Main-2/INFO] [REI] Plugins (2):
[12:57:38] [Worker-Main-2/INFO] [REI]  - (-100.00) DefaultPluginImpl of DefaultPluginImpl [roughlyenoughitems]
[12:57:38] [Worker-Main-2/INFO] [REI]  - (0.00) DefaultRuntimePlugin of DefaultRuntimePlugin [roughlyenoughitems]
[12:57:38] [Worker-Main-2/INFO] [REI] @@@@@@@@@@@@@@@@@@@@@@@@@@@@@@@@@@@@@@@@
[12:57:38] [Worker-Main-2/TRACE] [REI] [REIServerPlugin END] Reloading Section: "start-reload/"
[12:57:38] [Worker-Main-2/TRACE] [REI] [REIServerPlugin END] Reloading Section: "start-reload/MenuInfoRegistryImpl/"
[12:57:38] [Worker-Main-2/TRACE] [REI] [REIServerPlugin END] Reloading Section: "start-reload/MenuInfoRegistryImpl/" done in 23.22 μs
[12:57:38] [Worker-Main-2/TRACE] [REI] [REIServerPlugin END] Reloading Section: "start-reload/SlotAccessorRegistryImpl/"
[12:57:38] [Worker-Main-2/TRACE] [REI] [REIServerPlugin END] Reloading Section: "start-reload/SlotAccessorRegistryImpl/" done in 15.26 μs
[12:57:38] [Worker-Main-2/TRACE] [REI] [REIServerPlugin END] Reloading Section: "start-reload/" done in 1.514 ms
[12:57:38] [Worker-Main-2/DEBUG] [REI] ========================================
[12:57:38] [Worker-Main-2/DEBUG] [REI] REIServerPlugin started main-reload for END.
[12:57:38] [Worker-Main-2/DEBUG] [REI] ========================================
[12:57:38] [Worker-Main-2/TRACE] [REI] [REIServerPlugin END] Reloading Section: "reloadable-plugin/MenuInfoRegistryImpl/"
[12:57:38] [Worker-Main-2/TRACE] [REI] [REIServerPlugin END] Reloading Section: "reloadable-plugin/MenuInfoRegistryImpl/DefaultPluginImpl of DefaultPluginImpl [roughlyenoughitems]/"
[12:57:38] [Worker-Main-2/TRACE] [REI] [REIServerPlugin END] Reloading Section: "reloadable-plugin/MenuInfoRegistryImpl/DefaultPluginImpl of DefaultPluginImpl [roughlyenoughitems]/" done in 29.41 μs
[12:57:38] [Worker-Main-2/TRACE] [REI] [REIServerPlugin END] Reloading Section: "reloadable-plugin/MenuInfoRegistryImpl/DefaultRuntimePlugin of DefaultRuntimePlugin [roughlyenoughitems]/"
[12:57:38] [Worker-Main-2/TRACE] [REI] [REIServerPlugin END] Reloading Section: "reloadable-plugin/MenuInfoRegistryImpl/DefaultRuntimePlugin of DefaultRuntimePlugin [roughlyenoughitems]/" done in 12.28 μs
[12:57:38] [Worker-Main-2/TRACE] [REI] [REIServerPlugin END] Reloading Section: "reloadable-plugin/MenuInfoRegistryImpl/" done in 794.2 μs
[12:57:38] [Worker-Main-2/TRACE] [REI] [REIServerPlugin END] Reloading Section: "reloadable-plugin/SlotAccessorRegistryImpl/"
[12:57:38] [Worker-Main-2/TRACE] [REI] [REIServerPlugin END] Reloading Section: "reloadable-plugin/SlotAccessorRegistryImpl/DefaultPluginImpl of DefaultPluginImpl [roughlyenoughitems]/"
[12:57:38] [Worker-Main-2/TRACE] [REI] [REIServerPlugin END] Reloading Section: "reloadable-plugin/SlotAccessorRegistryImpl/DefaultPluginImpl of DefaultPluginImpl [roughlyenoughitems]/" done in 22.66 μs
[12:57:38] [Worker-Main-2/TRACE] [REI] [REIServerPlugin END] Reloading Section: "reloadable-plugin/SlotAccessorRegistryImpl/DefaultRuntimePlugin of DefaultRuntimePlugin [roughlyenoughitems]/"
[12:57:38] [Worker-Main-2/DEBUG] [REI] Added slot accessor serializer: me.shedaniel.rei.plugin.common.runtime.DefaultRuntimePlugin$1@63f65a5a [roughlyenoughitems:vanilla]
[12:57:38] [Worker-Main-2/DEBUG] [REI] Added slot accessor serializer: me.shedaniel.rei.plugin.common.runtime.DefaultRuntimePlugin$2@287c6ca1 [roughlyenoughitems:player]
[12:57:38] [Worker-Main-2/TRACE] [REI] [REIServerPlugin END] Reloading Section: "reloadable-plugin/SlotAccessorRegistryImpl/DefaultRuntimePlugin of DefaultRuntimePlugin [roughlyenoughitems]/" done in 2.234 ms
[12:57:38] [Worker-Main-2/TRACE] [REI] [REIServerPlugin END] Reloading Section: "reloadable-plugin/SlotAccessorRegistryImpl/" done in 2.742 ms
[12:57:38] [Worker-Main-2/DEBUG] [REI] ========================================
[12:57:38] [Worker-Main-2/DEBUG] [REI] REIServerPlugin ending main-reload for END.
[12:57:38] [Worker-Main-2/DEBUG] [REI] ========================================
[12:57:38] [Worker-Main-2/TRACE] [REI] [REIServerPlugin END] Reloading Section: "end-reload/"
[12:57:38] [Worker-Main-2/TRACE] [REI] [REIServerPlugin END] Reloading Section: "end-reload/MenuInfoRegistryImpl/"
[12:57:38] [Worker-Main-2/DEBUG] [REI] Registered 0 menu infos
[12:57:38] [Worker-Main-2/TRACE] [REI] [REIServerPlugin END] Reloading Section: "end-reload/MenuInfoRegistryImpl/" done in 168.0 μs
[12:57:38] [Worker-Main-2/TRACE] [REI] [REIServerPlugin END] Reloading Section: "end-reload/SlotAccessorRegistryImpl/"
[12:57:38] [Worker-Main-2/DEBUG] [REI] Registered 2 slot accessor serializers
[12:57:38] [Worker-Main-2/TRACE] [REI] [REIServerPlugin END] Reloading Section: "end-reload/SlotAccessorRegistryImpl/" done in 129.5 μs
[12:57:38] [Worker-Main-2/TRACE] [REI] [REIServerPlugin END] Reloading Section: "end-reload/" done in 747.9 μs
[12:57:38] [Worker-Main-2/DEBUG] [REI] ========================================
[12:57:38] [Worker-Main-2/DEBUG] [REI] REIServerPlugin ended main-reload for END in 9.130 ms.
[12:57:38] [Worker-Main-2/DEBUG] [REI] ========================================
[12:57:38] [Worker-Main-2/DEBUG] [REI] ========================================
[12:57:38] [Worker-Main-2/DEBUG] [REI] REIPlugin starting post-reload for END.
[12:57:38] [Worker-Main-2/DEBUG] [REI] Reloadables (7):
[12:57:38] [Worker-Main-2/DEBUG] [REI]  - EntryTypeRegistryImpl
[12:57:38] [Worker-Main-2/DEBUG] [REI]  - EntrySettingsAdapterRegistryImpl
[12:57:38] [Worker-Main-2/DEBUG] [REI]  - RecipeManagerContextImpl
[12:57:38] [Worker-Main-2/DEBUG] [REI]  - ItemComparatorRegistryImpl
[12:57:38] [Worker-Main-2/DEBUG] [REI]  - FluidComparatorRegistryImpl
[12:57:38] [Worker-Main-2/DEBUG] [REI]  - DisplaySerializerRegistryImpl
[12:57:38] [Worker-Main-2/DEBUG] [REI]  - FluidSupportProviderImpl
[12:57:38] [Worker-Main-2/DEBUG] [REI] Plugins (2):
[12:57:38] [Worker-Main-2/DEBUG] [REI]  - (-100.00) DefaultPluginImpl of DefaultPluginImpl [roughlyenoughitems]
[12:57:38] [Worker-Main-2/DEBUG] [REI]  - (0.00) DefaultRuntimePlugin of DefaultRuntimePlugin [roughlyenoughitems]
[12:57:38] [Worker-Main-2/DEBUG] [REI] ========================================
[12:57:38] [Worker-Main-2/TRACE] [REI] [REIPlugin END] Reloading Section: "post-register/"
[12:57:38] [Worker-Main-2/TRACE] [REI] [REIPlugin END] Reloading Section: "post-register/DefaultPluginImpl of DefaultPluginImpl [roughlyenoughitems]/"
[12:57:38] [Worker-Main-2/TRACE] [REI] [REIPlugin END] Reloading Section: "post-register/DefaultPluginImpl of DefaultPluginImpl [roughlyenoughitems]/" done in 12.60 μs
[12:57:38] [Worker-Main-2/TRACE] [REI] [REIPlugin END] Reloading Section: "post-register/DefaultRuntimePlugin of DefaultRuntimePlugin [roughlyenoughitems]/"
[12:57:38] [Worker-Main-2/TRACE] [REI] [REIPlugin END] Reloading Section: "post-register/DefaultRuntimePlugin of DefaultRuntimePlugin [roughlyenoughitems]/" done in 8.426 μs
[12:57:38] [Worker-Main-2/TRACE] [REI] [REIPlugin END] Reloading Section: "post-register/" done in 492.2 μs
[12:57:38] [Worker-Main-2/TRACE] [REI] [REIPlugin END] Reloading Section: "post-stage/"
[12:57:38] [Worker-Main-2/TRACE] [REI] [REIPlugin END] Reloading Section: "post-stage/EntryTypeRegistryImpl/"
[12:57:38] [Worker-Main-2/TRACE] [REI] [REIPlugin END] Reloading Section: "post-stage/EntryTypeRegistryImpl/" done in 6.722 μs
[12:57:38] [Worker-Main-2/TRACE] [REI] [REIPlugin END] Reloading Section: "post-stage/EntrySettingsAdapterRegistryImpl/"
[12:57:38] [Worker-Main-2/TRACE] [REI] [REIPlugin END] Reloading Section: "post-stage/EntrySettingsAdapterRegistryImpl/" done in 6.251 μs
[12:57:38] [Worker-Main-2/TRACE] [REI] [REIPlugin END] Reloading Section: "post-stage/RecipeManagerContextImpl/"
[12:57:38] [Worker-Main-2/TRACE] [REI] [REIPlugin END] Reloading Section: "post-stage/RecipeManagerContextImpl/" done in 7.043 μs
[12:57:38] [Worker-Main-2/TRACE] [REI] [REIPlugin END] Reloading Section: "post-stage/ItemComparatorRegistryImpl/"
[12:57:38] [Worker-Main-2/TRACE] [REI] [REIPlugin END] Reloading Section: "post-stage/ItemComparatorRegistryImpl/" done in 6.051 μs
[12:57:38] [Worker-Main-2/TRACE] [REI] [REIPlugin END] Reloading Section: "post-stage/FluidComparatorRegistryImpl/"
[12:57:38] [Worker-Main-2/TRACE] [REI] [REIPlugin END] Reloading Section: "post-stage/FluidComparatorRegistryImpl/" done in 5.350 μs
[12:57:38] [Worker-Main-2/TRACE] [REI] [REIPlugin END] Reloading Section: "post-stage/DisplaySerializerRegistryImpl/"
[12:57:38] [Worker-Main-2/TRACE] [REI] [REIPlugin END] Reloading Section: "post-stage/DisplaySerializerRegistryImpl/" done in 16.05 μs
[12:57:38] [Worker-Main-2/TRACE] [REI] [REIPlugin END] Reloading Section: "post-stage/FluidSupportProviderImpl/"
[12:57:38] [Worker-Main-2/TRACE] [REI] [REIPlugin END] Reloading Section: "post-stage/FluidSupportProviderImpl/" done in 6.282 μs
[12:57:38] [Worker-Main-2/TRACE] [REI] [REIPlugin END] Reloading Section: "post-stage/" done in 13.49 ms
[12:57:38] [Worker-Main-2/DEBUG] [REI] ========================================
[12:57:38] [Worker-Main-2/INFO] [REI] REIPlugin finished post-reload for END in 15.12 ms, totaling 92.37 ms.
[12:57:38] [Worker-Main-2/DEBUG] [REI] ========================================
[12:57:38] [Worker-Main-2/DEBUG] [REI] ========================================
[12:57:38] [Worker-Main-2/DEBUG] [REI] REIServerPlugin starting post-reload for END.
[12:57:38] [Worker-Main-2/DEBUG] [REI] Reloadables (2):
[12:57:38] [Worker-Main-2/DEBUG] [REI]  - MenuInfoRegistryImpl
[12:57:38] [Worker-Main-2/DEBUG] [REI]  - SlotAccessorRegistryImpl
[12:57:38] [Worker-Main-2/DEBUG] [REI] Plugins (2):
[12:57:38] [Worker-Main-2/DEBUG] [REI]  - (-100.00) DefaultPluginImpl of DefaultPluginImpl [roughlyenoughitems]
[12:57:38] [Worker-Main-2/DEBUG] [REI]  - (0.00) DefaultRuntimePlugin of DefaultRuntimePlugin [roughlyenoughitems]
[12:57:38] [Worker-Main-2/DEBUG] [REI] ========================================
[12:57:38] [Worker-Main-2/TRACE] [REI] [REIServerPlugin END] Reloading Section: "post-register/"
[12:57:38] [Worker-Main-2/TRACE] [REI] [REIServerPlugin END] Reloading Section: "post-register/DefaultPluginImpl of DefaultPluginImpl [roughlyenoughitems]/"
[12:57:38] [Worker-Main-2/TRACE] [REI] [REIServerPlugin END] Reloading Section: "post-register/DefaultPluginImpl of DefaultPluginImpl [roughlyenoughitems]/" done in 17.59 μs
[12:57:38] [Worker-Main-2/TRACE] [REI] [REIServerPlugin END] Reloading Section: "post-register/DefaultRuntimePlugin of DefaultRuntimePlugin [roughlyenoughitems]/"
[12:57:38] [Worker-Main-2/TRACE] [REI] [REIServerPlugin END] Reloading Section: "post-register/DefaultRuntimePlugin of DefaultRuntimePlugin [roughlyenoughitems]/" done in 8.937 μs
[12:57:38] [Worker-Main-2/TRACE] [REI] [REIServerPlugin END] Reloading Section: "post-register/" done in 228.2 μs
[12:57:38] [Worker-Main-2/TRACE] [REI] [REIServerPlugin END] Reloading Section: "post-stage/"
[12:57:38] [Worker-Main-2/TRACE] [REI] [REIServerPlugin END] Reloading Section: "post-stage/MenuInfoRegistryImpl/"
[12:57:38] [Worker-Main-2/TRACE] [REI] [REIServerPlugin END] Reloading Section: "post-stage/MenuInfoRegistryImpl/" done in 6.382 μs
[12:57:38] [Worker-Main-2/TRACE] [REI] [REIServerPlugin END] Reloading Section: "post-stage/SlotAccessorRegistryImpl/"
[12:57:38] [Worker-Main-2/TRACE] [REI] [REIServerPlugin END] Reloading Section: "post-stage/SlotAccessorRegistryImpl/" done in 5.851 μs
[12:57:38] [Worker-Main-2/TRACE] [REI] [REIServerPlugin END] Reloading Section: "post-stage/" done in 204.1 μs
[12:57:38] [Worker-Main-2/DEBUG] [REI] ========================================
[12:57:38] [Worker-Main-2/INFO] [REI] REIServerPlugin finished post-reload for END in 577.1 μs, totaling 10.22 ms.
[12:57:38] [Worker-Main-2/DEBUG] [REI] ========================================
